Using pre-set license
Built from '2022.3/release' branch; Version is '2022.3.48f1 (8bf49c377ebf) revision 9172124'; Using compiler version '192829333'; Build Type 'Release'
OS: 'Windows 11  (10.0.22631) 64bit Professional' Language: 'fr' Physical Memory: 32720 MB
BatchMode: 1, IsHumanControllingUs: 0, StartBugReporterOnCrash: 0, Is64bit: 1, IsPro: 1

COMMAND LINE ARGUMENTS:
C:\Program Files\Unity\Hub\Editor\2022.3.48f1\Editor\Unity.exe
-adb2
-batchMode
-noUpm
-name
AssetImportWorker7
-projectPath
C:/Users/Thomas WCS/Documents/hackaton3/Renardors-Revenge
-logFile
Logs/AssetImportWorker7.log
-srvPort
55197
Successfully changed project path to: C:/Users/Thomas WCS/Documents/hackaton3/Renardors-Revenge
C:/Users/Thomas WCS/Documents/hackaton3/Renardors-Revenge
[UnityMemory] Configuration Parameters - Can be set up in boot.config
    "memorysetup-bucket-allocator-granularity=16"
    "memorysetup-bucket-allocator-bucket-count=8"
    "memorysetup-bucket-allocator-block-size=33554432"
    "memorysetup-bucket-allocator-block-count=8"
    "memorysetup-main-allocator-block-size=16777216"
    "memorysetup-thread-allocator-block-size=16777216"
    "memorysetup-gfx-main-allocator-block-size=16777216"
    "memorysetup-gfx-thread-allocator-block-size=16777216"
    "memorysetup-cache-allocator-block-size=4194304"
    "memorysetup-typetree-allocator-block-size=2097152"
    "memorysetup-profiler-bucket-allocator-granularity=16"
    "memorysetup-profiler-bucket-allocator-bucket-count=8"
    "memorysetup-profiler-bucket-allocator-block-size=33554432"
    "memorysetup-profiler-bucket-allocator-block-count=8"
    "memorysetup-profiler-allocator-block-size=16777216"
    "memorysetup-profiler-editor-allocator-block-size=1048576"
    "memorysetup-temp-allocator-size-main=16777216"
    "memorysetup-job-temp-allocator-block-size=2097152"
    "memorysetup-job-temp-allocator-block-size-background=1048576"
    "memorysetup-job-temp-allocator-reduction-small-platforms=262144"
    "memorysetup-allocator-temp-initial-block-size-main=262144"
    "memorysetup-allocator-temp-initial-block-size-worker=262144"
    "memorysetup-temp-allocator-size-background-worker=32768"
    "memorysetup-temp-allocator-size-job-worker=262144"
    "memorysetup-temp-allocator-size-preload-manager=33554432"
    "memorysetup-temp-allocator-size-nav-mesh-worker=65536"
    "memorysetup-temp-allocator-size-audio-worker=65536"
    "memorysetup-temp-allocator-size-cloud-worker=32768"
    "memorysetup-temp-allocator-size-gi-baking-worker=262144"
    "memorysetup-temp-allocator-size-gfx=262144"
Player connection [17836]  Target information:

Player connection [17836]  * "[IP] 192.168.1.78 [Port] 0 [Flags] 2 [Guid] 3312267074 [EditorId] 3312267074 [Version] 1048832 [Id] WindowsEditor(7,DESKTOP-66GLH2V) [Debug] 1 [PackageName] WindowsEditor [ProjectName] Editor" 

Player connection [17836]  * "[IP] 169.254.123.123 [Port] 0 [Flags] 2 [Guid] 3312267074 [EditorId] 3312267074 [Version] 1048832 [Id] WindowsEditor(7,DESKTOP-66GLH2V) [Debug] 1 [PackageName] WindowsEditor [ProjectName] Editor" 

Player connection [17836] Host joined multi-casting on [225.0.0.222:54997]...
Player connection [17836] Host joined alternative multi-casting on [225.0.0.222:34997]...
[PhysX] Initialized MultithreadedTaskDispatcher with 16 workers.
Refreshing native plugins compatible for Editor in 1604.77 ms, found 4 plugins.
Preloading 0 native plugins for Editor in 0.00 ms.
Initialize engine version: 2022.3.48f1 (8bf49c377ebf)
[Subsystems] Discovering subsystems at path C:/Program Files/Unity/Hub/Editor/2022.3.48f1/Editor/Data/Resources/UnitySubsystems
[Subsystems] Discovering subsystems at path C:/Users/Thomas WCS/Documents/hackaton3/Renardors-Revenge/Assets
GfxDevice: creating device client; threaded=0; jobified=0
Direct3D:
    Version:  Direct3D 11.0 [level 11.1]
    Renderer: NVIDIA GeForce RTX 2070 SUPER (ID=0x1e84)
    Vendor:   NVIDIA
    VRAM:     7989 MB
    Driver:   32.0.15.5599
Initialize mono
Mono path[0] = 'C:/Program Files/Unity/Hub/Editor/2022.3.48f1/Editor/Data/Managed'
Mono path[1] = 'C:/Program Files/Unity/Hub/Editor/2022.3.48f1/Editor/Data/MonoBleedingEdge/lib/mono/unityjit-win32'
Mono config path = 'C:/Program Files/Unity/Hub/Editor/2022.3.48f1/Editor/Data/MonoBleedingEdge/etc'
Using monoOptions --debugger-agent=transport=dt_socket,embedding=1,server=y,suspend=n,address=127.0.0.1:56360
Begin MonoManager ReloadAssembly
Registering precompiled unity dll's ...
Register platform support module: C:/Program Files/Unity/Hub/Editor/2022.3.48f1/Editor/Data/PlaybackEngines/WebGLSupport/UnityEditor.WebGL.Extensions.dll
Register platform support module: C:/Program Files/Unity/Hub/Editor/2022.3.48f1/Editor/Data/PlaybackEngines/WindowsStandaloneSupport/UnityEditor.WindowsStandalone.Extensions.dll
Registered in 0.262238 seconds.
- Loaded All Assemblies, in  6.570 seconds
Native extension for WindowsStandalone target not found
Native extension for WebGL target not found
Mono: successfully reloaded assembly
- Finished resetting the current domain, in  0.248 seconds
Domain Reload Profiling: 6815ms
	BeginReloadAssembly (4853ms)
		ExecutionOrderSort (0ms)
		DisableScriptedObjects (0ms)
		BackupInstance (0ms)
		ReleaseScriptingObjects (0ms)
		CreateAndSetChildDomain (1ms)
	RebuildCommonClasses (393ms)
	RebuildNativeTypeToScriptingClass (10ms)
	initialDomainReloadingComplete (311ms)
	LoadAllAssembliesAndSetupDomain (1000ms)
		LoadAssemblies (4850ms)
		RebuildTransferFunctionScriptingTraits (0ms)
		AnalyzeDomain (998ms)
			TypeCache.Refresh (996ms)
				TypeCache.ScanAssembly (738ms)
			ScanForSourceGeneratedMonoScriptInfo (0ms)
			ResolveRequiredComponents (1ms)
	FinalizeReload (248ms)
		ReleaseScriptCaches (0ms)
		RebuildScriptCaches (0ms)
		SetupLoadedEditorAssemblies (200ms)
			LogAssemblyErrors (0ms)
			InitializePlatformSupportModulesInManaged (10ms)
			SetLoadedEditorAssemblies (5ms)
			RefreshPlugins (0ms)
			BeforeProcessingInitializeOnLoad (2ms)
			ProcessInitializeOnLoadAttributes (137ms)
			ProcessInitializeOnLoadMethodAttributes (47ms)
			AfterProcessingInitializeOnLoad (0ms)
			EditorAssembliesLoaded (0ms)
		ExecutionOrderSort2 (0ms)
		AwakeInstancesAfterBackupRestoration (0ms)
========================================================================
Worker process is ready to serve import requests
Caller must complete domain reload
Begin MonoManager ReloadAssembly
- Loaded All Assemblies, in  7.792 seconds
Native extension for WindowsStandalone target not found
Native extension for WebGL target not found
Package Manager log level set to [2]
[Package Manager] Server::EnsureServerProcessIsRunning -- launch failed, reason: Unity was launched with the -noUpm command-line argument
[Package Manager] UpmClient::Send -- Unable to send message (not connected to UPM process).
[Package Manager] Cannot connect to Unity Package Manager local server
Mono: successfully reloaded assembly
- Finished resetting the current domain, in  0.761 seconds
Domain Reload Profiling: 8546ms
	BeginReloadAssembly (168ms)
		ExecutionOrderSort (0ms)
		DisableScriptedObjects (6ms)
		BackupInstance (0ms)
		ReleaseScriptingObjects (0ms)
		CreateAndSetChildDomain (30ms)
	RebuildCommonClasses (38ms)
	RebuildNativeTypeToScriptingClass (13ms)
	initialDomainReloadingComplete (49ms)
	LoadAllAssembliesAndSetupDomain (7517ms)
		LoadAssemblies (6980ms)
		RebuildTransferFunctionScriptingTraits (0ms)
		AnalyzeDomain (630ms)
			TypeCache.Refresh (598ms)
				TypeCache.ScanAssembly (524ms)
			ScanForSourceGeneratedMonoScriptInfo (25ms)
			ResolveRequiredComponents (6ms)
	FinalizeReload (761ms)
		ReleaseScriptCaches (0ms)
		RebuildScriptCaches (0ms)
		SetupLoadedEditorAssemblies (598ms)
			LogAssemblyErrors (0ms)
			InitializePlatformSupportModulesInManaged (8ms)
			SetLoadedEditorAssemblies (4ms)
			RefreshPlugins (0ms)
			BeforeProcessingInitializeOnLoad (81ms)
			ProcessInitializeOnLoadAttributes (457ms)
			ProcessInitializeOnLoadMethodAttributes (40ms)
			AfterProcessingInitializeOnLoad (10ms)
			EditorAssembliesLoaded (0ms)
		ExecutionOrderSort2 (0ms)
		AwakeInstancesAfterBackupRestoration (7ms)
Launched and connected shader compiler UnityShaderCompiler.exe after 0.10 seconds
Refreshing native plugins compatible for Editor in 7.15 ms, found 4 plugins.
Preloading 0 native plugins for Editor in 0.00 ms.
Unloading 4027 Unused Serialized files (Serialized files now loaded: 0)
Unloading 32 unused Assets / (57.1 KB). Loaded Objects now: 4497.
Memory consumption went from 140.7 MB to 140.6 MB.
Total: 4.089800 ms (FindLiveObjects: 0.467300 ms CreateObjectMapping: 0.107400 ms MarkObjects: 3.371600 ms  DeleteObjects: 0.142600 ms)

AssetImportParameters requested are different than current active one (requested -> active):
  custom:container-demuxer-ogg: 62fdf1f143b41e24485cea50d1cbac27 -> 
  custom:video-codec-MediaFoundation-h265: 746d11721c4dcdbdad8f713fa42b33f4 -> 
  custom:video-decoder-ogg-theora: a1e56fd34408186e4bbccfd4996cb3dc -> 
  custom:framework-win-MediaFoundation: 216162199b28c13a410421893ffa2e32 -> 
  custom:CustomObjectIndexerAttribute: 9a22284fe3817be447336de3de66b15e -> 
  custom:container-demuxer-webm: 4f35f7cbe854078d1ac9338744f61a02 -> 
  custom:container-muxer-webm: aa71ff27fc2769a1b78a27578f13a17b -> 
  custom:video-decoder-webm-vp8: 9c59270c3fd7afecdb556c50c9e8de78 -> 
  custom:SearchIndexIgnoredProperties: e643bd26f0fe6173181afceb89e7c659 -> 
  custom:AudioImporter_EditorPlatform: d09bf68614088b80899f8185d706f6e7 -> 
  custom:video-encoder-webm-vp8: eb34c28f22e8b96e1ab97ce403110664 -> 
  custom:audio-decoder-ogg-vorbis: bf7c407c2cedff20999df2af8eb42d56 -> 
  custom:scripting/monoscript/fileName/moveplayer.cs: e581eda223ebb8b12e0df05a5c1f70f2 -> 
  custom:scripting/monoscript/fileName/PlayerMovement.cs: 5c1499cfc43e291157e191fb54bb34f9 -> 
  custom:audio-encoder-webm-vorbis: bf7c407c2cedff20999df2af8eb42d56 -> 
========================================================================
Received Prepare
Caller must complete domain reload
Begin MonoManager ReloadAssembly
- Loaded All Assemblies, in  0.943 seconds
Native extension for WindowsStandalone target not found
Native extension for WebGL target not found
[Package Manager] Server::EnsureServerProcessIsRunning -- launch failed, reason: Unity was launched with the -noUpm command-line argument
[Package Manager] UpmClient::Send -- Unable to send message (not connected to UPM process).
[Package Manager] Cannot connect to Unity Package Manager local server
Mono: successfully reloaded assembly
- Finished resetting the current domain, in  0.698 seconds
Domain Reload Profiling: 1638ms
	BeginReloadAssembly (623ms)
		ExecutionOrderSort (0ms)
		DisableScriptedObjects (474ms)
		BackupInstance (0ms)
		ReleaseScriptingObjects (0ms)
		CreateAndSetChildDomain (38ms)
	RebuildCommonClasses (37ms)
	RebuildNativeTypeToScriptingClass (11ms)
	initialDomainReloadingComplete (29ms)
	LoadAllAssembliesAndSetupDomain (240ms)
		LoadAssemblies (299ms)
		RebuildTransferFunctionScriptingTraits (0ms)
		AnalyzeDomain (15ms)
			TypeCache.Refresh (6ms)
				TypeCache.ScanAssembly (0ms)
			ScanForSourceGeneratedMonoScriptInfo (0ms)
			ResolveRequiredComponents (7ms)
	FinalizeReload (698ms)
		ReleaseScriptCaches (0ms)
		RebuildScriptCaches (0ms)
		SetupLoadedEditorAssemblies (523ms)
			LogAssemblyErrors (0ms)
			InitializePlatformSupportModulesInManaged (9ms)
			SetLoadedEditorAssemblies (4ms)
			RefreshPlugins (0ms)
			BeforeProcessingInitializeOnLoad (81ms)
			ProcessInitializeOnLoadAttributes (384ms)
			ProcessInitializeOnLoadMethodAttributes (34ms)
			AfterProcessingInitializeOnLoad (10ms)
			EditorAssembliesLoaded (0ms)
		ExecutionOrderSort2 (0ms)
		AwakeInstancesAfterBackupRestoration (15ms)
Refreshing native plugins compatible for Editor in 6.49 ms, found 4 plugins.
Preloading 0 native plugins for Editor in 0.00 ms.
Unloading 4016 Unused Serialized files (Serialized files now loaded: 0)
Unloading 19 unused Assets / (31.2 KB). Loaded Objects now: 4502.
Memory consumption went from 138.6 MB to 138.5 MB.
Total: 4.210900 ms (FindLiveObjects: 0.448800 ms CreateObjectMapping: 0.111800 ms MarkObjects: 3.586300 ms  DeleteObjects: 0.062300 ms)

Prepare: number of updated asset objects reloaded= 0
AssetImportParameters requested are different than current active one (requested -> active):
  custom:container-demuxer-ogg: 62fdf1f143b41e24485cea50d1cbac27 -> 
  custom:video-codec-MediaFoundation-h265: 746d11721c4dcdbdad8f713fa42b33f4 -> 
  custom:video-decoder-ogg-theora: a1e56fd34408186e4bbccfd4996cb3dc -> 
  custom:framework-win-MediaFoundation: 216162199b28c13a410421893ffa2e32 -> 
  custom:CustomObjectIndexerAttribute: 9a22284fe3817be447336de3de66b15e -> 
  custom:container-demuxer-webm: 4f35f7cbe854078d1ac9338744f61a02 -> 
  custom:container-muxer-webm: aa71ff27fc2769a1b78a27578f13a17b -> 
  custom:video-decoder-webm-vp8: 9c59270c3fd7afecdb556c50c9e8de78 -> 
  custom:SearchIndexIgnoredProperties: e643bd26f0fe6173181afceb89e7c659 -> 
  custom:AudioImporter_EditorPlatform: d09bf68614088b80899f8185d706f6e7 -> 
  custom:video-encoder-webm-vp8: eb34c28f22e8b96e1ab97ce403110664 -> 
  custom:audio-decoder-ogg-vorbis: bf7c407c2cedff20999df2af8eb42d56 -> 
  custom:scripting/monoscript/fileName/moveplayer.cs: e581eda223ebb8b12e0df05a5c1f70f2 -> 
  custom:scripting/monoscript/fileName/PlayerMovement.cs: 5c1499cfc43e291157e191fb54bb34f9 -> 
  custom:audio-encoder-webm-vorbis: bf7c407c2cedff20999df2af8eb42d56 -> 
========================================================================
Received Prepare
Caller must complete domain reload
Begin MonoManager ReloadAssembly
- Loaded All Assemblies, in  0.465 seconds
Native extension for WindowsStandalone target not found
Native extension for WebGL target not found
[Package Manager] Server::EnsureServerProcessIsRunning -- launch failed, reason: Unity was launched with the -noUpm command-line argument
[Package Manager] UpmClient::Send -- Unable to send message (not connected to UPM process).
[Package Manager] Cannot connect to Unity Package Manager local server
Mono: successfully reloaded assembly
- Finished resetting the current domain, in  1.149 seconds
Domain Reload Profiling: 1609ms
	BeginReloadAssembly (151ms)
		ExecutionOrderSort (0ms)
		DisableScriptedObjects (10ms)
		BackupInstance (0ms)
		ReleaseScriptingObjects (0ms)
		CreateAndSetChildDomain (32ms)
	RebuildCommonClasses (33ms)
	RebuildNativeTypeToScriptingClass (11ms)
	initialDomainReloadingComplete (32ms)
	LoadAllAssembliesAndSetupDomain (233ms)
		LoadAssemblies (300ms)
		RebuildTransferFunctionScriptingTraits (0ms)
		AnalyzeDomain (13ms)
			TypeCache.Refresh (6ms)
				TypeCache.ScanAssembly (0ms)
			ScanForSourceGeneratedMonoScriptInfo (0ms)
			ResolveRequiredComponents (5ms)
	FinalizeReload (1149ms)
		ReleaseScriptCaches (0ms)
		RebuildScriptCaches (0ms)
		SetupLoadedEditorAssemblies (525ms)
			LogAssemblyErrors (0ms)
			InitializePlatformSupportModulesInManaged (9ms)
			SetLoadedEditorAssemblies (3ms)
			RefreshPlugins (0ms)
			BeforeProcessingInitializeOnLoad (83ms)
			ProcessInitializeOnLoadAttributes (386ms)
			ProcessInitializeOnLoadMethodAttributes (33ms)
			AfterProcessingInitializeOnLoad (10ms)
			EditorAssembliesLoaded (0ms)
		ExecutionOrderSort2 (0ms)
		AwakeInstancesAfterBackupRestoration (13ms)
Refreshing native plugins compatible for Editor in 6.82 ms, found 4 plugins.
Preloading 0 native plugins for Editor in 0.00 ms.
Unloading 4016 Unused Serialized files (Serialized files now loaded: 0)
Unloading 19 unused Assets / (31.1 KB). Loaded Objects now: 4506.
Memory consumption went from 138.6 MB to 138.5 MB.
Total: 4.066300 ms (FindLiveObjects: 0.424800 ms CreateObjectMapping: 0.104100 ms MarkObjects: 3.473500 ms  DeleteObjects: 0.061900 ms)

Prepare: number of updated asset objects reloaded= 0
AssetImportParameters requested are different than current active one (requested -> active):
  custom:container-demuxer-ogg: 62fdf1f143b41e24485cea50d1cbac27 -> 
  custom:video-codec-MediaFoundation-h265: 746d11721c4dcdbdad8f713fa42b33f4 -> 
  custom:video-decoder-ogg-theora: a1e56fd34408186e4bbccfd4996cb3dc -> 
  custom:framework-win-MediaFoundation: 216162199b28c13a410421893ffa2e32 -> 
  custom:CustomObjectIndexerAttribute: 9a22284fe3817be447336de3de66b15e -> 
  custom:container-demuxer-webm: 4f35f7cbe854078d1ac9338744f61a02 -> 
  custom:container-muxer-webm: aa71ff27fc2769a1b78a27578f13a17b -> 
  custom:video-decoder-webm-vp8: 9c59270c3fd7afecdb556c50c9e8de78 -> 
  custom:SearchIndexIgnoredProperties: e643bd26f0fe6173181afceb89e7c659 -> 
  custom:AudioImporter_EditorPlatform: d09bf68614088b80899f8185d706f6e7 -> 
  custom:video-encoder-webm-vp8: eb34c28f22e8b96e1ab97ce403110664 -> 
  custom:audio-decoder-ogg-vorbis: bf7c407c2cedff20999df2af8eb42d56 -> 
  custom:scripting/monoscript/fileName/moveplayer.cs: e581eda223ebb8b12e0df05a5c1f70f2 -> 
  custom:scripting/monoscript/fileName/PlayerMovement.cs: 5c1499cfc43e291157e191fb54bb34f9 -> 
  custom:audio-encoder-webm-vorbis: bf7c407c2cedff20999df2af8eb42d56 -> 
========================================================================
Received Import Request.
  Time since last request: 46546.346989 seconds.
  path: Assets/palette/Forrest-palette/forest_demo_terrain_17.asset
  artifactKey: Guid(1c4cf9cefa5c95e4a91b3b953dbe08a3) Importer(815301076,1909f56bfc062723c751e8b465ee728b)
Start importing Assets/palette/Forrest-palette/forest_demo_terrain_17.asset using Guid(1c4cf9cefa5c95e4a91b3b953dbe08a3) Importer(815301076,1909f56bfc062723c751e8b465ee728b) [PhysX] Initialized MultithreadedTaskDispatcher with 16 workers.
 -> (artifact id: 'cd1a3ec0cc22af0fab8c7a6cd30e0018') in 0.085372 seconds
Number of updated asset objects reloaded before import = 0
Number of asset objects unloaded after import = 3
========================================================================
Received Import Request.
  Time since last request: 0.000032 seconds.
  path: Assets/palette/Forrest-palette/forest_demo_terrain_42.asset
  artifactKey: Guid(5dd127f43e3a8c143b8374fe4d748407) Importer(815301076,1909f56bfc062723c751e8b465ee728b)
Start importing Assets/palette/Forrest-palette/forest_demo_terrain_42.asset using Guid(5dd127f43e3a8c143b8374fe4d748407) Importer(815301076,1909f56bfc062723c751e8b465ee728b) [PhysX] Initialized MultithreadedTaskDispatcher with 16 workers.
 -> (artifact id: 'e1b4a5e4eeee1f0a4894038a68ee9cd4') in 0.012148 seconds
Number of updated asset objects reloaded before import = 0
Number of asset objects unloaded after import = 3
========================================================================
Received Import Request.
  Time since last request: 0.000018 seconds.
  path: Assets/palette/Forrest-palette/forest_demo_terrain_58.asset
  artifactKey: Guid(337e5928bcbebfd4a866837b92cfe293) Importer(815301076,1909f56bfc062723c751e8b465ee728b)
Start importing Assets/palette/Forrest-palette/forest_demo_terrain_58.asset using Guid(337e5928bcbebfd4a866837b92cfe293) Importer(815301076,1909f56bfc062723c751e8b465ee728b) [PhysX] Initialized MultithreadedTaskDispatcher with 16 workers.
 -> (artifact id: '596a6c798054f2a1fa8989eb88982dea') in 0.010823 seconds
Number of updated asset objects reloaded before import = 0
Number of asset objects unloaded after import = 3
========================================================================
Received Import Request.
  Time since last request: 0.000025 seconds.
  path: Assets/palette/Forrest-palette/forest_demo_terrain_28.asset
  artifactKey: Guid(1a32df6e8206019438175e631a118339) Importer(815301076,1909f56bfc062723c751e8b465ee728b)
Start importing Assets/palette/Forrest-palette/forest_demo_terrain_28.asset using Guid(1a32df6e8206019438175e631a118339) Importer(815301076,1909f56bfc062723c751e8b465ee728b) [PhysX] Initialized MultithreadedTaskDispatcher with 16 workers.
 -> (artifact id: '3c37a31044796d50ef3ee928cd91f57a') in 0.011704 seconds
Number of updated asset objects reloaded before import = 0
Number of asset objects unloaded after import = 3
========================================================================
Received Import Request.
  Time since last request: 0.000024 seconds.
  path: Assets/palette/Forrest-palette/giant-trees_28.asset
  artifactKey: Guid(11686711becc4e643947144130e3f1ec) Importer(815301076,1909f56bfc062723c751e8b465ee728b)
Start importing Assets/palette/Forrest-palette/giant-trees_28.asset using Guid(11686711becc4e643947144130e3f1ec) Importer(815301076,1909f56bfc062723c751e8b465ee728b) [PhysX] Initialized MultithreadedTaskDispatcher with 16 workers.
 -> (artifact id: 'eb873ce99948c53353629c70a1af0efc') in 0.021767 seconds
Number of updated asset objects reloaded before import = 0
Number of asset objects unloaded after import = 3
========================================================================
Received Import Request.
  Time since last request: 0.000020 seconds.
  path: Assets/palette/Forrest-palette/forest_demo_terrain_32.asset
  artifactKey: Guid(e654fd9fcbcf6ab4a88815859d6cc701) Importer(815301076,1909f56bfc062723c751e8b465ee728b)
Start importing Assets/palette/Forrest-palette/forest_demo_terrain_32.asset using Guid(e654fd9fcbcf6ab4a88815859d6cc701) Importer(815301076,1909f56bfc062723c751e8b465ee728b) [PhysX] Initialized MultithreadedTaskDispatcher with 16 workers.
 -> (artifact id: '94d8875405059dc895020a1d1ddf9c28') in 0.010673 seconds
Number of updated asset objects reloaded before import = 0
Number of asset objects unloaded after import = 3
========================================================================
Received Import Request.
  Time since last request: 0.000018 seconds.
  path: Assets/palette/Forrest-palette/forest_demo_terrain_38.asset
  artifactKey: Guid(1ed813aaf9db0c24f90867df51a63d10) Importer(815301076,1909f56bfc062723c751e8b465ee728b)
Start importing Assets/palette/Forrest-palette/forest_demo_terrain_38.asset using Guid(1ed813aaf9db0c24f90867df51a63d10) Importer(815301076,1909f56bfc062723c751e8b465ee728b) [PhysX] Initialized MultithreadedTaskDispatcher with 16 workers.
 -> (artifact id: '8eb5d45f34f78cce3bbcbc03003b34e6') in 0.012770 seconds
Number of updated asset objects reloaded before import = 0
Number of asset objects unloaded after import = 3
========================================================================
Received Import Request.
  Time since last request: 0.000028 seconds.
  path: Assets/palette/Forrest-palette/forest_demo_terrain_39.asset
  artifactKey: Guid(118ed6d131b4bd54a8a4afcb346d6841) Importer(815301076,1909f56bfc062723c751e8b465ee728b)
Start importing Assets/palette/Forrest-palette/forest_demo_terrain_39.asset using Guid(118ed6d131b4bd54a8a4afcb346d6841) Importer(815301076,1909f56bfc062723c751e8b465ee728b) [PhysX] Initialized MultithreadedTaskDispatcher with 16 workers.
 -> (artifact id: '989ea65a4cb7f07bb6e56c436d175a8f') in 0.011663 seconds
Number of updated asset objects reloaded before import = 0
Number of asset objects unloaded after import = 3
========================================================================
Received Import Request.
  Time since last request: 0.000024 seconds.
  path: Assets/palette/Forrest-palette/forest_demo_terrain_30.asset
  artifactKey: Guid(1006bf4214a9db14c978167435250c8b) Importer(815301076,1909f56bfc062723c751e8b465ee728b)
Start importing Assets/palette/Forrest-palette/forest_demo_terrain_30.asset using Guid(1006bf4214a9db14c978167435250c8b) Importer(815301076,1909f56bfc062723c751e8b465ee728b) [PhysX] Initialized MultithreadedTaskDispatcher with 16 workers.
 -> (artifact id: '8f785b296af472c84e22d2d44bec53b0') in 0.012653 seconds
Number of updated asset objects reloaded before import = 0
Number of asset objects unloaded after import = 3
========================================================================
Received Import Request.
  Time since last request: 0.000020 seconds.
  path: Assets/palette/Forrest-palette/giant-trees_29.asset
  artifactKey: Guid(8725591898086254b87d6ab686a702a4) Importer(815301076,1909f56bfc062723c751e8b465ee728b)
Start importing Assets/palette/Forrest-palette/giant-trees_29.asset using Guid(8725591898086254b87d6ab686a702a4) Importer(815301076,1909f56bfc062723c751e8b465ee728b) [PhysX] Initialized MultithreadedTaskDispatcher with 16 workers.
 -> (artifact id: '51b7cb3307658e4583ec9d4bfca3b24d') in 0.017856 seconds
Number of updated asset objects reloaded before import = 0
Number of asset objects unloaded after import = 3
========================================================================
Received Import Request.
  Time since last request: 0.000031 seconds.
  path: Assets/palette/Forrest-palette/forest_demo_terrain_59.asset
  artifactKey: Guid(b8db1dd8fba56ec4f89247c63eb6e96c) Importer(815301076,1909f56bfc062723c751e8b465ee728b)
Start importing Assets/palette/Forrest-palette/forest_demo_terrain_59.asset using Guid(b8db1dd8fba56ec4f89247c63eb6e96c) Importer(815301076,1909f56bfc062723c751e8b465ee728b) [PhysX] Initialized MultithreadedTaskDispatcher with 16 workers.
 -> (artifact id: 'a62c9b22e2081be973d20a42bcdef9a5') in 0.014879 seconds
Number of updated asset objects reloaded before import = 0
Number of asset objects unloaded after import = 3
========================================================================
Received Import Request.
  Time since last request: 0.000047 seconds.
  path: Assets/palette/Forrest-palette/giant-trees_26.asset
  artifactKey: Guid(0ec2034da7213a04ab04b765151ac4ee) Importer(815301076,1909f56bfc062723c751e8b465ee728b)
Start importing Assets/palette/Forrest-palette/giant-trees_26.asset using Guid(0ec2034da7213a04ab04b765151ac4ee) Importer(815301076,1909f56bfc062723c751e8b465ee728b) [PhysX] Initialized MultithreadedTaskDispatcher with 16 workers.
 -> (artifact id: '63806db484022eda73573dae0b91711d') in 0.018282 seconds
Number of updated asset objects reloaded before import = 0
Number of asset objects unloaded after import = 3
========================================================================
Received Import Request.
  Time since last request: 0.000023 seconds.
  path: Assets/palette/Forrest-palette/giant-trees_30.asset
  artifactKey: Guid(351e4536bdeeacf458653c41c33677dc) Importer(815301076,1909f56bfc062723c751e8b465ee728b)
Start importing Assets/palette/Forrest-palette/giant-trees_30.asset using Guid(351e4536bdeeacf458653c41c33677dc) Importer(815301076,1909f56bfc062723c751e8b465ee728b) [PhysX] Initialized MultithreadedTaskDispatcher with 16 workers.
 -> (artifact id: '6f52db718efbd736521a4d98baad601a') in 0.020901 seconds
Number of updated asset objects reloaded before import = 0
Number of asset objects unloaded after import = 3
========================================================================
Received Import Request.
  Time since last request: 0.000021 seconds.
  path: Assets/palette/Forrest-palette/forest_demo_terrain_36.asset
  artifactKey: Guid(78b2ee6b00278494181f36f8ec068698) Importer(815301076,1909f56bfc062723c751e8b465ee728b)
Start importing Assets/palette/Forrest-palette/forest_demo_terrain_36.asset using Guid(78b2ee6b00278494181f36f8ec068698) Importer(815301076,1909f56bfc062723c751e8b465ee728b) [PhysX] Initialized MultithreadedTaskDispatcher with 16 workers.
 -> (artifact id: '47bd8ec3a2d83ca49730643a0c80693d') in 0.013199 seconds
Number of updated asset objects reloaded before import = 0
Number of asset objects unloaded after import = 3
========================================================================
Received Import Request.
  Time since last request: 0.000023 seconds.
  path: Assets/palette/Forrest-palette/forest_demo_terrain_25.asset
  artifactKey: Guid(b9dd72b2b037d2345be25d404325e72f) Importer(815301076,1909f56bfc062723c751e8b465ee728b)
Start importing Assets/palette/Forrest-palette/forest_demo_terrain_25.asset using Guid(b9dd72b2b037d2345be25d404325e72f) Importer(815301076,1909f56bfc062723c751e8b465ee728b) [PhysX] Initialized MultithreadedTaskDispatcher with 16 workers.
 -> (artifact id: 'ba736468bb2ddd910a7b8c470d2ca6ad') in 0.011364 seconds
Number of updated asset objects reloaded before import = 0
Number of asset objects unloaded after import = 3
========================================================================
Received Import Request.
  Time since last request: 0.000020 seconds.
  path: Assets/palette/Forrest-palette/forest_demo_terrain_33.asset
  artifactKey: Guid(9cdbe05238b83d84eabc48aa38e52fbb) Importer(815301076,1909f56bfc062723c751e8b465ee728b)
Start importing Assets/palette/Forrest-palette/forest_demo_terrain_33.asset using Guid(9cdbe05238b83d84eabc48aa38e52fbb) Importer(815301076,1909f56bfc062723c751e8b465ee728b) [PhysX] Initialized MultithreadedTaskDispatcher with 16 workers.
 -> (artifact id: '48ce2fd15a5c24794b515099c0f90387') in 0.012547 seconds
Number of updated asset objects reloaded before import = 0
Number of asset objects unloaded after import = 3
========================================================================
Received Import Request.
  Time since last request: 0.000019 seconds.
  path: Assets/palette/Forrest-palette/giant-trees_20.asset
  artifactKey: Guid(c2a4002862c5cfc49a188d0335beb080) Importer(815301076,1909f56bfc062723c751e8b465ee728b)
Start importing Assets/palette/Forrest-palette/giant-trees_20.asset using Guid(c2a4002862c5cfc49a188d0335beb080) Importer(815301076,1909f56bfc062723c751e8b465ee728b) [PhysX] Initialized MultithreadedTaskDispatcher with 16 workers.
 -> (artifact id: 'e250eeff6dcb8be42de41fc035caa7f9') in 0.018675 seconds
Number of updated asset objects reloaded before import = 0
Number of asset objects unloaded after import = 3
========================================================================
Received Import Request.
  Time since last request: 0.000021 seconds.
  path: Assets/palette/Forrest-palette/forest_demo_terrain_27.asset
  artifactKey: Guid(5420b18bae8bb3f408bcd8486150988c) Importer(815301076,1909f56bfc062723c751e8b465ee728b)
Start importing Assets/palette/Forrest-palette/forest_demo_terrain_27.asset using Guid(5420b18bae8bb3f408bcd8486150988c) Importer(815301076,1909f56bfc062723c751e8b465ee728b) [PhysX] Initialized MultithreadedTaskDispatcher with 16 workers.
 -> (artifact id: '02de170359c34976f3cc61fd2e2e37b0') in 0.013015 seconds
Number of updated asset objects reloaded before import = 0
Number of asset objects unloaded after import = 3
========================================================================
Received Import Request.
  Time since last request: 0.000017 seconds.
  path: Assets/palette/Forrest-palette/forest_demo_terrain_34.asset
  artifactKey: Guid(e2fcd7b62cf5f244ebaf42ab3b4c74f8) Importer(815301076,1909f56bfc062723c751e8b465ee728b)
Start importing Assets/palette/Forrest-palette/forest_demo_terrain_34.asset using Guid(e2fcd7b62cf5f244ebaf42ab3b4c74f8) Importer(815301076,1909f56bfc062723c751e8b465ee728b) [PhysX] Initialized MultithreadedTaskDispatcher with 16 workers.
 -> (artifact id: '945c060ff21986a1c5f9dd9d819a54f7') in 0.012125 seconds
Number of updated asset objects reloaded before import = 0
Number of asset objects unloaded after import = 3
========================================================================
Received Import Request.
  Time since last request: 0.000018 seconds.
  path: Assets/palette/Forrest-palette/forest_demo_terrain_57.asset
  artifactKey: Guid(45e9d05a6be30d34a81bf463e865be5f) Importer(815301076,1909f56bfc062723c751e8b465ee728b)
Start importing Assets/palette/Forrest-palette/forest_demo_terrain_57.asset using Guid(45e9d05a6be30d34a81bf463e865be5f) Importer(815301076,1909f56bfc062723c751e8b465ee728b) [PhysX] Initialized MultithreadedTaskDispatcher with 16 workers.
 -> (artifact id: 'f434a03e994d54d74216ec686c47d262') in 0.012740 seconds
Number of updated asset objects reloaded before import = 0
Number of asset objects unloaded after import = 3
========================================================================
Received Import Request.
  Time since last request: 0.000033 seconds.
  path: Assets/palette/Forrest-palette/forest_demo_terrain_49.asset
  artifactKey: Guid(2cb355692f9aa4740a06072199b9bdc5) Importer(815301076,1909f56bfc062723c751e8b465ee728b)
Start importing Assets/palette/Forrest-palette/forest_demo_terrain_49.asset using Guid(2cb355692f9aa4740a06072199b9bdc5) Importer(815301076,1909f56bfc062723c751e8b465ee728b) [PhysX] Initialized MultithreadedTaskDispatcher with 16 workers.
 -> (artifact id: 'e1a96cbbcc92ad472b3b6dda63180653') in 0.013005 seconds
Number of updated asset objects reloaded before import = 0
Number of asset objects unloaded after import = 3
========================================================================
Received Import Request.
  Time since last request: 0.000023 seconds.
  path: Assets/palette/Forrest-palette/giant-trees_22.asset
  artifactKey: Guid(f02635b64875b644ebba74ac8ced7725) Importer(815301076,1909f56bfc062723c751e8b465ee728b)
Start importing Assets/palette/Forrest-palette/giant-trees_22.asset using Guid(f02635b64875b644ebba74ac8ced7725) Importer(815301076,1909f56bfc062723c751e8b465ee728b) [PhysX] Initialized MultithreadedTaskDispatcher with 16 workers.
 -> (artifact id: '7b7f40fe9d2aff3d4f9214a80442415e') in 0.027985 seconds
Number of updated asset objects reloaded before import = 0
Number of asset objects unloaded after import = 3
========================================================================
Received Import Request.
  Time since last request: 0.000026 seconds.
  path: Assets/palette/Forrest-palette/giant-trees_24.asset
  artifactKey: Guid(9216c2dd37451de4690765ac0579b456) Importer(815301076,1909f56bfc062723c751e8b465ee728b)
Start importing Assets/palette/Forrest-palette/giant-trees_24.asset using Guid(9216c2dd37451de4690765ac0579b456) Importer(815301076,1909f56bfc062723c751e8b465ee728b) [PhysX] Initialized MultithreadedTaskDispatcher with 16 workers.
 -> (artifact id: '9d7b57e66a7c17577626acfbe383cd7c') in 0.034849 seconds
Number of updated asset objects reloaded before import = 0
Number of asset objects unloaded after import = 3
========================================================================
Received Import Request.
  Time since last request: 0.000025 seconds.
  path: Assets/palette/Forrest-palette/forest_demo_terrain_55.asset
  artifactKey: Guid(5539388aa45bcd341b5f7adf56c24f74) Importer(815301076,1909f56bfc062723c751e8b465ee728b)
Start importing Assets/palette/Forrest-palette/forest_demo_terrain_55.asset using Guid(5539388aa45bcd341b5f7adf56c24f74) Importer(815301076,1909f56bfc062723c751e8b465ee728b) [PhysX] Initialized MultithreadedTaskDispatcher with 16 workers.
 -> (artifact id: '020fb00771aa00ddd3c92d355e6a4105') in 0.012962 seconds
Number of updated asset objects reloaded before import = 0
Number of asset objects unloaded after import = 3
========================================================================
Received Import Request.
  Time since last request: 0.000027 seconds.
  path: Assets/palette/Forrest-palette/forest_demo_terrain_21.asset
  artifactKey: Guid(c6e7600c09ab2614d8c8c8ed3c4477ff) Importer(815301076,1909f56bfc062723c751e8b465ee728b)
Start importing Assets/palette/Forrest-palette/forest_demo_terrain_21.asset using Guid(c6e7600c09ab2614d8c8c8ed3c4477ff) Importer(815301076,1909f56bfc062723c751e8b465ee728b) [PhysX] Initialized MultithreadedTaskDispatcher with 16 workers.
 -> (artifact id: '90a68a5e1eb0721378eda6b8b9069934') in 0.013132 seconds
Number of updated asset objects reloaded before import = 0
Number of asset objects unloaded after import = 3
========================================================================
Received Import Request.
  Time since last request: 0.000030 seconds.
  path: Assets/palette/Forrest-palette/forest_demo_terrain_53.asset
  artifactKey: Guid(abf399d7b9a1b0349be5800e6396bcec) Importer(815301076,1909f56bfc062723c751e8b465ee728b)
Start importing Assets/palette/Forrest-palette/forest_demo_terrain_53.asset using Guid(abf399d7b9a1b0349be5800e6396bcec) Importer(815301076,1909f56bfc062723c751e8b465ee728b) [PhysX] Initialized MultithreadedTaskDispatcher with 16 workers.
 -> (artifact id: '19e2914485c26728ac7a5151b264cc47') in 0.012991 seconds
Number of updated asset objects reloaded before import = 0
Number of asset objects unloaded after import = 3
========================================================================
Received Import Request.
  Time since last request: 0.000021 seconds.
  path: Assets/palette/Forrest-palette/forest_demo_terrain_24.asset
  artifactKey: Guid(35d6ae49c11b45f458a5f7b456bb2863) Importer(815301076,1909f56bfc062723c751e8b465ee728b)
Start importing Assets/palette/Forrest-palette/forest_demo_terrain_24.asset using Guid(35d6ae49c11b45f458a5f7b456bb2863) Importer(815301076,1909f56bfc062723c751e8b465ee728b) [PhysX] Initialized MultithreadedTaskDispatcher with 16 workers.
 -> (artifact id: '690481aae70345d78a7ae33f35a3ef15') in 0.010497 seconds
Number of updated asset objects reloaded before import = 0
Number of asset objects unloaded after import = 3
========================================================================
Received Import Request.
  Time since last request: 0.000021 seconds.
  path: Assets/palette/Forrest-palette/giant-trees_18.asset
  artifactKey: Guid(77692742267c39d448df1d9083d1d4bd) Importer(815301076,1909f56bfc062723c751e8b465ee728b)
Start importing Assets/palette/Forrest-palette/giant-trees_18.asset using Guid(77692742267c39d448df1d9083d1d4bd) Importer(815301076,1909f56bfc062723c751e8b465ee728b) [PhysX] Initialized MultithreadedTaskDispatcher with 16 workers.
 -> (artifact id: 'a8258028f94a9413d905784f2305665f') in 0.019840 seconds
Number of updated asset objects reloaded before import = 0
Number of asset objects unloaded after import = 3
========================================================================
Received Import Request.
  Time since last request: 0.000027 seconds.
  path: Assets/palette/Forrest-palette/forest_demo_terrain_44.asset
  artifactKey: Guid(4ad034b0cd883d64abb3ea3fa5a80d13) Importer(815301076,1909f56bfc062723c751e8b465ee728b)
Start importing Assets/palette/Forrest-palette/forest_demo_terrain_44.asset using Guid(4ad034b0cd883d64abb3ea3fa5a80d13) Importer(815301076,1909f56bfc062723c751e8b465ee728b) [PhysX] Initialized MultithreadedTaskDispatcher with 16 workers.
 -> (artifact id: '65c142739e7ccfb69342b6cfaf260633') in 0.012797 seconds
Number of updated asset objects reloaded before import = 0
Number of asset objects unloaded after import = 3
========================================================================
Received Import Request.
  Time since last request: 0.000025 seconds.
  path: Assets/palette/Forrest-palette/forest_demo_terrain_47.asset
  artifactKey: Guid(688a0084423cd5849b9d55f6ecf1bb9b) Importer(815301076,1909f56bfc062723c751e8b465ee728b)
Start importing Assets/palette/Forrest-palette/forest_demo_terrain_47.asset using Guid(688a0084423cd5849b9d55f6ecf1bb9b) Importer(815301076,1909f56bfc062723c751e8b465ee728b) [PhysX] Initialized MultithreadedTaskDispatcher with 16 workers.
 -> (artifact id: 'de21dd84ae1b7d01017e8412054a7d4f') in 0.013246 seconds
Number of updated asset objects reloaded before import = 0
Number of asset objects unloaded after import = 3
========================================================================
Received Import Request.
  Time since last request: 0.000022 seconds.
  path: Assets/palette/Forrest-palette/Tilesheet2.prefab
  artifactKey: Guid(b6eee09f9d68cf6408254d7231a25894) Importer(815301076,1909f56bfc062723c751e8b465ee728b)
Start importing Assets/palette/Forrest-palette/Tilesheet2.prefab using Guid(b6eee09f9d68cf6408254d7231a25894) Importer(815301076,1909f56bfc062723c751e8b465ee728b) [PhysX] Initialized MultithreadedTaskDispatcher with 16 workers.
[PhysX] Initialized MultithreadedTaskDispatcher with 16 workers.
 -> (artifact id: 'e3e5291bf56102bfd84fdb67a41f1590') in 0.062817 seconds
Number of updated asset objects reloaded before import = 0
Number of asset objects unloaded after import = 73
Editor requested this worker to shutdown with reason: Scaling down because of idle timeout
TcpMessagingSession - receive error: operation aborted. errorcode: 995, details: L’opération d’entrée/sortie a été abandonnée en raison de l’arrêt d’un thread ou à la demande d’une application.
AssetImportWorker is now disconnected from the server
Process exiting
Exiting without the bug reporter. Application will terminate with return code 0