Using pre-set license
Built from '2022.3/release' branch; Version is '2022.3.48f1 (8bf49c377ebf) revision 9172124'; Using compiler version '192829333'; Build Type 'Release'
OS: 'Windows 11  (10.0.22631) 64bit Professional' Language: 'fr' Physical Memory: 32720 MB
BatchMode: 1, IsHumanControllingUs: 0, StartBugReporterOnCrash: 0, Is64bit: 1, IsPro: 1

COMMAND LINE ARGUMENTS:
C:\Program Files\Unity\Hub\Editor\2022.3.48f1\Editor\Unity.exe
-adb2
-batchMode
-noUpm
-name
AssetImportWorker10
-projectPath
C:/Users/Thomas WCS/Documents/hackaton3/Renardors-Revenge
-logFile
Logs/AssetImportWorker10.log
-srvPort
55197
Successfully changed project path to: C:/Users/Thomas WCS/Documents/hackaton3/Renardors-Revenge
C:/Users/Thomas WCS/Documents/hackaton3/Renardors-Revenge
[UnityMemory] Configuration Parameters - Can be set up in boot.config
    "memorysetup-bucket-allocator-granularity=16"
    "memorysetup-bucket-allocator-bucket-count=8"
    "memorysetup-bucket-allocator-block-size=33554432"
    "memorysetup-bucket-allocator-block-count=8"
    "memorysetup-main-allocator-block-size=16777216"
    "memorysetup-thread-allocator-block-size=16777216"
    "memorysetup-gfx-main-allocator-block-size=16777216"
    "memorysetup-gfx-thread-allocator-block-size=16777216"
    "memorysetup-cache-allocator-block-size=4194304"
    "memorysetup-typetree-allocator-block-size=2097152"
    "memorysetup-profiler-bucket-allocator-granularity=16"
    "memorysetup-profiler-bucket-allocator-bucket-count=8"
    "memorysetup-profiler-bucket-allocator-block-size=33554432"
    "memorysetup-profiler-bucket-allocator-block-count=8"
    "memorysetup-profiler-allocator-block-size=16777216"
    "memorysetup-profiler-editor-allocator-block-size=1048576"
    "memorysetup-temp-allocator-size-main=16777216"
    "memorysetup-job-temp-allocator-block-size=2097152"
    "memorysetup-job-temp-allocator-block-size-background=1048576"
    "memorysetup-job-temp-allocator-reduction-small-platforms=262144"
    "memorysetup-allocator-temp-initial-block-size-main=262144"
    "memorysetup-allocator-temp-initial-block-size-worker=262144"
    "memorysetup-temp-allocator-size-background-worker=32768"
    "memorysetup-temp-allocator-size-job-worker=262144"
    "memorysetup-temp-allocator-size-preload-manager=33554432"
    "memorysetup-temp-allocator-size-nav-mesh-worker=65536"
    "memorysetup-temp-allocator-size-audio-worker=65536"
    "memorysetup-temp-allocator-size-cloud-worker=32768"
    "memorysetup-temp-allocator-size-gi-baking-worker=262144"
    "memorysetup-temp-allocator-size-gfx=262144"
Player connection [17360]  Target information:

Player connection [17360]  * "[IP] 192.168.1.78 [Port] 0 [Flags] 2 [Guid] 2457376179 [EditorId] 2457376179 [Version] 1048832 [Id] WindowsEditor(7,DESKTOP-66GLH2V) [Debug] 1 [PackageName] WindowsEditor [ProjectName] Editor" 

Player connection [17360]  * "[IP] 169.254.123.123 [Port] 0 [Flags] 2 [Guid] 2457376179 [EditorId] 2457376179 [Version] 1048832 [Id] WindowsEditor(7,DESKTOP-66GLH2V) [Debug] 1 [PackageName] WindowsEditor [ProjectName] Editor" 

Player connection [17360] Host joined multi-casting on [225.0.0.222:54997]...
Player connection [17360] Host joined alternative multi-casting on [225.0.0.222:34997]...
[PhysX] Initialized MultithreadedTaskDispatcher with 16 workers.
Refreshing native plugins compatible for Editor in 16.23 ms, found 4 plugins.
Preloading 0 native plugins for Editor in 0.00 ms.
Initialize engine version: 2022.3.48f1 (8bf49c377ebf)
[Subsystems] Discovering subsystems at path C:/Program Files/Unity/Hub/Editor/2022.3.48f1/Editor/Data/Resources/UnitySubsystems
[Subsystems] Discovering subsystems at path C:/Users/Thomas WCS/Documents/hackaton3/Renardors-Revenge/Assets
GfxDevice: creating device client; threaded=0; jobified=0
Direct3D:
    Version:  Direct3D 11.0 [level 11.1]
    Renderer: NVIDIA GeForce RTX 2070 SUPER (ID=0x1e84)
    Vendor:   NVIDIA
    VRAM:     7989 MB
    Driver:   32.0.15.5599
Initialize mono
Mono path[0] = 'C:/Program Files/Unity/Hub/Editor/2022.3.48f1/Editor/Data/Managed'
Mono path[1] = 'C:/Program Files/Unity/Hub/Editor/2022.3.48f1/Editor/Data/MonoBleedingEdge/lib/mono/unityjit-win32'
Mono config path = 'C:/Program Files/Unity/Hub/Editor/2022.3.48f1/Editor/Data/MonoBleedingEdge/etc'
Using monoOptions --debugger-agent=transport=dt_socket,embedding=1,server=y,suspend=n,address=127.0.0.1:56992
Begin MonoManager ReloadAssembly
Registering precompiled unity dll's ...
Register platform support module: C:/Program Files/Unity/Hub/Editor/2022.3.48f1/Editor/Data/PlaybackEngines/WebGLSupport/UnityEditor.WebGL.Extensions.dll
Register platform support module: C:/Program Files/Unity/Hub/Editor/2022.3.48f1/Editor/Data/PlaybackEngines/WindowsStandaloneSupport/UnityEditor.WindowsStandalone.Extensions.dll
Registered in 0.011440 seconds.
- Loaded All Assemblies, in  0.418 seconds
Native extension for WindowsStandalone target not found
Native extension for WebGL target not found
Mono: successfully reloaded assembly
- Finished resetting the current domain, in  0.311 seconds
Domain Reload Profiling: 726ms
	BeginReloadAssembly (115ms)
		ExecutionOrderSort (0ms)
		DisableScriptedObjects (0ms)
		BackupInstance (0ms)
		ReleaseScriptingObjects (0ms)
		CreateAndSetChildDomain (1ms)
	RebuildCommonClasses (41ms)
	RebuildNativeTypeToScriptingClass (14ms)
	initialDomainReloadingComplete (74ms)
	LoadAllAssembliesAndSetupDomain (171ms)
		LoadAssemblies (111ms)
		RebuildTransferFunctionScriptingTraits (0ms)
		AnalyzeDomain (168ms)
			TypeCache.Refresh (166ms)
				TypeCache.ScanAssembly (151ms)
			ScanForSourceGeneratedMonoScriptInfo (0ms)
			ResolveRequiredComponents (0ms)
	FinalizeReload (311ms)
		ReleaseScriptCaches (0ms)
		RebuildScriptCaches (0ms)
		SetupLoadedEditorAssemblies (253ms)
			LogAssemblyErrors (0ms)
			InitializePlatformSupportModulesInManaged (14ms)
			SetLoadedEditorAssemblies (7ms)
			RefreshPlugins (0ms)
			BeforeProcessingInitializeOnLoad (2ms)
			ProcessInitializeOnLoadAttributes (172ms)
			ProcessInitializeOnLoadMethodAttributes (58ms)
			AfterProcessingInitializeOnLoad (0ms)
			EditorAssembliesLoaded (0ms)
		ExecutionOrderSort2 (0ms)
		AwakeInstancesAfterBackupRestoration (0ms)
========================================================================
Worker process is ready to serve import requests
Caller must complete domain reload
Begin MonoManager ReloadAssembly
- Loaded All Assemblies, in  0.639 seconds
Native extension for WindowsStandalone target not found
Native extension for WebGL target not found
Package Manager log level set to [2]
[Package Manager] Server::EnsureServerProcessIsRunning -- launch failed, reason: Unity was launched with the -noUpm command-line argument
[Package Manager] UpmClient::Send -- Unable to send message (not connected to UPM process).
[Package Manager] Cannot connect to Unity Package Manager local server
Mono: successfully reloaded assembly
- Finished resetting the current domain, in  0.682 seconds
Domain Reload Profiling: 1317ms
	BeginReloadAssembly (134ms)
		ExecutionOrderSort (0ms)
		DisableScriptedObjects (5ms)
		BackupInstance (0ms)
		ReleaseScriptingObjects (0ms)
		CreateAndSetChildDomain (22ms)
	RebuildCommonClasses (32ms)
	RebuildNativeTypeToScriptingClass (10ms)
	initialDomainReloadingComplete (42ms)
	LoadAllAssembliesAndSetupDomain (417ms)
		LoadAssemblies (329ms)
		RebuildTransferFunctionScriptingTraits (0ms)
		AnalyzeDomain (163ms)
			TypeCache.Refresh (138ms)
				TypeCache.ScanAssembly (123ms)
			ScanForSourceGeneratedMonoScriptInfo (19ms)
			ResolveRequiredComponents (5ms)
	FinalizeReload (683ms)
		ReleaseScriptCaches (0ms)
		RebuildScriptCaches (0ms)
		SetupLoadedEditorAssemblies (523ms)
			LogAssemblyErrors (0ms)
			InitializePlatformSupportModulesInManaged (10ms)
			SetLoadedEditorAssemblies (4ms)
			RefreshPlugins (0ms)
			BeforeProcessingInitializeOnLoad (78ms)
			ProcessInitializeOnLoadAttributes (385ms)
			ProcessInitializeOnLoadMethodAttributes (37ms)
			AfterProcessingInitializeOnLoad (9ms)
			EditorAssembliesLoaded (0ms)
		ExecutionOrderSort2 (0ms)
		AwakeInstancesAfterBackupRestoration (10ms)
Launched and connected shader compiler UnityShaderCompiler.exe after 0.07 seconds
Refreshing native plugins compatible for Editor in 6.86 ms, found 4 plugins.
Preloading 0 native plugins for Editor in 0.00 ms.
Unloading 4027 Unused Serialized files (Serialized files now loaded: 0)
Unloading 32 unused Assets / (57.4 KB). Loaded Objects now: 4497.
Memory consumption went from 140.8 MB to 140.7 MB.
Total: 3.982400 ms (FindLiveObjects: 0.510000 ms CreateObjectMapping: 0.110500 ms MarkObjects: 3.247400 ms  DeleteObjects: 0.113400 ms)

AssetImportParameters requested are different than current active one (requested -> active):
  custom:container-demuxer-ogg: 62fdf1f143b41e24485cea50d1cbac27 -> 
  custom:video-codec-MediaFoundation-h265: 746d11721c4dcdbdad8f713fa42b33f4 -> 
  custom:video-decoder-ogg-theora: a1e56fd34408186e4bbccfd4996cb3dc -> 
  custom:framework-win-MediaFoundation: 216162199b28c13a410421893ffa2e32 -> 
  custom:CustomObjectIndexerAttribute: 9a22284fe3817be447336de3de66b15e -> 
  custom:container-demuxer-webm: 4f35f7cbe854078d1ac9338744f61a02 -> 
  custom:container-muxer-webm: aa71ff27fc2769a1b78a27578f13a17b -> 
  custom:video-decoder-webm-vp8: 9c59270c3fd7afecdb556c50c9e8de78 -> 
  custom:SearchIndexIgnoredProperties: e643bd26f0fe6173181afceb89e7c659 -> 
  custom:AudioImporter_EditorPlatform: d09bf68614088b80899f8185d706f6e7 -> 
  custom:video-encoder-webm-vp8: eb34c28f22e8b96e1ab97ce403110664 -> 
  custom:audio-decoder-ogg-vorbis: bf7c407c2cedff20999df2af8eb42d56 -> 
  custom:scripting/monoscript/fileName/moveplayer.cs: e581eda223ebb8b12e0df05a5c1f70f2 -> 
  custom:scripting/monoscript/fileName/PlayerMovement.cs: 5c1499cfc43e291157e191fb54bb34f9 -> 
  custom:audio-encoder-webm-vorbis: bf7c407c2cedff20999df2af8eb42d56 -> 
========================================================================
Received Prepare
Caller must complete domain reload
Begin MonoManager ReloadAssembly
- Loaded All Assemblies, in  0.941 seconds
Native extension for WindowsStandalone target not found
Native extension for WebGL target not found
[Package Manager] Server::EnsureServerProcessIsRunning -- launch failed, reason: Unity was launched with the -noUpm command-line argument
[Package Manager] UpmClient::Send -- Unable to send message (not connected to UPM process).
[Package Manager] Cannot connect to Unity Package Manager local server
Mono: successfully reloaded assembly
- Finished resetting the current domain, in  0.731 seconds
Domain Reload Profiling: 1670ms
	BeginReloadAssembly (608ms)
		ExecutionOrderSort (0ms)
		DisableScriptedObjects (453ms)
		BackupInstance (0ms)
		ReleaseScriptingObjects (0ms)
		CreateAndSetChildDomain (39ms)
	RebuildCommonClasses (33ms)
	RebuildNativeTypeToScriptingClass (11ms)
	initialDomainReloadingComplete (36ms)
	LoadAllAssembliesAndSetupDomain (251ms)
		LoadAssemblies (317ms)
		RebuildTransferFunctionScriptingTraits (0ms)
		AnalyzeDomain (15ms)
			TypeCache.Refresh (7ms)
				TypeCache.ScanAssembly (0ms)
			ScanForSourceGeneratedMonoScriptInfo (0ms)
			ResolveRequiredComponents (7ms)
	FinalizeReload (732ms)
		ReleaseScriptCaches (0ms)
		RebuildScriptCaches (0ms)
		SetupLoadedEditorAssemblies (535ms)
			LogAssemblyErrors (0ms)
			InitializePlatformSupportModulesInManaged (8ms)
			SetLoadedEditorAssemblies (4ms)
			RefreshPlugins (0ms)
			BeforeProcessingInitializeOnLoad (82ms)
			ProcessInitializeOnLoadAttributes (396ms)
			ProcessInitializeOnLoadMethodAttributes (34ms)
			AfterProcessingInitializeOnLoad (10ms)
			EditorAssembliesLoaded (0ms)
		ExecutionOrderSort2 (0ms)
		AwakeInstancesAfterBackupRestoration (13ms)
Refreshing native plugins compatible for Editor in 7.15 ms, found 4 plugins.
Preloading 0 native plugins for Editor in 0.00 ms.
Unloading 4016 Unused Serialized files (Serialized files now loaded: 0)
Unloading 19 unused Assets / (31.1 KB). Loaded Objects now: 4502.
Memory consumption went from 138.6 MB to 138.6 MB.
Total: 4.010300 ms (FindLiveObjects: 0.423100 ms CreateObjectMapping: 0.141700 ms MarkObjects: 3.379300 ms  DeleteObjects: 0.065200 ms)

Prepare: number of updated asset objects reloaded= 0
AssetImportParameters requested are different than current active one (requested -> active):
  custom:container-demuxer-ogg: 62fdf1f143b41e24485cea50d1cbac27 -> 
  custom:video-codec-MediaFoundation-h265: 746d11721c4dcdbdad8f713fa42b33f4 -> 
  custom:video-decoder-ogg-theora: a1e56fd34408186e4bbccfd4996cb3dc -> 
  custom:framework-win-MediaFoundation: 216162199b28c13a410421893ffa2e32 -> 
  custom:CustomObjectIndexerAttribute: 9a22284fe3817be447336de3de66b15e -> 
  custom:container-demuxer-webm: 4f35f7cbe854078d1ac9338744f61a02 -> 
  custom:container-muxer-webm: aa71ff27fc2769a1b78a27578f13a17b -> 
  custom:video-decoder-webm-vp8: 9c59270c3fd7afecdb556c50c9e8de78 -> 
  custom:SearchIndexIgnoredProperties: e643bd26f0fe6173181afceb89e7c659 -> 
  custom:AudioImporter_EditorPlatform: d09bf68614088b80899f8185d706f6e7 -> 
  custom:video-encoder-webm-vp8: eb34c28f22e8b96e1ab97ce403110664 -> 
  custom:audio-decoder-ogg-vorbis: bf7c407c2cedff20999df2af8eb42d56 -> 
  custom:scripting/monoscript/fileName/moveplayer.cs: e581eda223ebb8b12e0df05a5c1f70f2 -> 
  custom:scripting/monoscript/fileName/PlayerMovement.cs: 5c1499cfc43e291157e191fb54bb34f9 -> 
  custom:audio-encoder-webm-vorbis: bf7c407c2cedff20999df2af8eb42d56 -> 
========================================================================
Received Import Request.
  Time since last request: 47270.599862 seconds.
  path: Assets/Imports/forrest/forest_demo_objects.png
  artifactKey: Guid(61f6ff166b2f01a4fa37aea65e8ba0e4) Importer(815301076,1909f56bfc062723c751e8b465ee728b)
Start importing Assets/Imports/forrest/forest_demo_objects.png using Guid(61f6ff166b2f01a4fa37aea65e8ba0e4) Importer(815301076,1909f56bfc062723c751e8b465ee728b) [PhysX] Initialized MultithreadedTaskDispatcher with 16 workers.
[PhysX] Initialized MultithreadedTaskDispatcher with 16 workers.
 -> (artifact id: 'b10012a3b0f11adff3ce5212db3882d0') in 0.212391 seconds
Number of updated asset objects reloaded before import = 0
Number of asset objects unloaded after import = 82
========================================================================
Received Prepare
Caller must complete domain reload
Begin MonoManager ReloadAssembly
- Loaded All Assemblies, in  0.451 seconds
Native extension for WindowsStandalone target not found
Native extension for WebGL target not found
[Package Manager] Server::EnsureServerProcessIsRunning -- launch failed, reason: Unity was launched with the -noUpm command-line argument
[Package Manager] UpmClient::Send -- Unable to send message (not connected to UPM process).
[Package Manager] Cannot connect to Unity Package Manager local server
Mono: successfully reloaded assembly
- Finished resetting the current domain, in  1.146 seconds
Domain Reload Profiling: 1592ms
	BeginReloadAssembly (153ms)
		ExecutionOrderSort (0ms)
		DisableScriptedObjects (10ms)
		BackupInstance (0ms)
		ReleaseScriptingObjects (0ms)
		CreateAndSetChildDomain (36ms)
	RebuildCommonClasses (31ms)
	RebuildNativeTypeToScriptingClass (11ms)
	initialDomainReloadingComplete (31ms)
	LoadAllAssembliesAndSetupDomain (220ms)
		LoadAssemblies (285ms)
		RebuildTransferFunctionScriptingTraits (0ms)
		AnalyzeDomain (12ms)
			TypeCache.Refresh (6ms)
				TypeCache.ScanAssembly (0ms)
			ScanForSourceGeneratedMonoScriptInfo (0ms)
			ResolveRequiredComponents (5ms)
	FinalizeReload (1146ms)
		ReleaseScriptCaches (0ms)
		RebuildScriptCaches (0ms)
		SetupLoadedEditorAssemblies (513ms)
			LogAssemblyErrors (0ms)
			InitializePlatformSupportModulesInManaged (9ms)
			SetLoadedEditorAssemblies (3ms)
			RefreshPlugins (0ms)
			BeforeProcessingInitializeOnLoad (81ms)
			ProcessInitializeOnLoadAttributes (377ms)
			ProcessInitializeOnLoadMethodAttributes (32ms)
			AfterProcessingInitializeOnLoad (10ms)
			EditorAssembliesLoaded (0ms)
		ExecutionOrderSort2 (0ms)
		AwakeInstancesAfterBackupRestoration (14ms)
Refreshing native plugins compatible for Editor in 6.27 ms, found 4 plugins.
Preloading 0 native plugins for Editor in 0.00 ms.
Unloading 4015 Unused Serialized files (Serialized files now loaded: 0)
Unloading 19 unused Assets / (31.1 KB). Loaded Objects now: 4513.
Memory consumption went from 142.8 MB to 142.7 MB.
Total: 4.919100 ms (FindLiveObjects: 0.471200 ms CreateObjectMapping: 0.110800 ms MarkObjects: 4.268100 ms  DeleteObjects: 0.067700 ms)

Prepare: number of updated asset objects reloaded= 0
AssetImportParameters requested are different than current active one (requested -> active):
  custom:container-demuxer-ogg: 62fdf1f143b41e24485cea50d1cbac27 -> 
  custom:video-codec-MediaFoundation-h265: 746d11721c4dcdbdad8f713fa42b33f4 -> 
  custom:video-decoder-ogg-theora: a1e56fd34408186e4bbccfd4996cb3dc -> 
  custom:framework-win-MediaFoundation: 216162199b28c13a410421893ffa2e32 -> 
  custom:CustomObjectIndexerAttribute: 9a22284fe3817be447336de3de66b15e -> 
  custom:container-demuxer-webm: 4f35f7cbe854078d1ac9338744f61a02 -> 
  custom:container-muxer-webm: aa71ff27fc2769a1b78a27578f13a17b -> 
  custom:video-decoder-webm-vp8: 9c59270c3fd7afecdb556c50c9e8de78 -> 
  custom:SearchIndexIgnoredProperties: e643bd26f0fe6173181afceb89e7c659 -> 
  custom:AudioImporter_EditorPlatform: d09bf68614088b80899f8185d706f6e7 -> 
  custom:video-encoder-webm-vp8: eb34c28f22e8b96e1ab97ce403110664 -> 
  custom:audio-decoder-ogg-vorbis: bf7c407c2cedff20999df2af8eb42d56 -> 
  custom:scripting/monoscript/fileName/moveplayer.cs: e581eda223ebb8b12e0df05a5c1f70f2 -> 
  custom:scripting/monoscript/fileName/PlayerMovement.cs: 5c1499cfc43e291157e191fb54bb34f9 -> 
  custom:audio-encoder-webm-vorbis: bf7c407c2cedff20999df2af8eb42d56 -> 
========================================================================
Received Import Request.
  Time since last request: 539.578161 seconds.
  path: Assets/Imports/forrest/forest_objects.prefab
  artifactKey: Guid(12885e1df68590a4aa84c9eb47b5a1c6) Importer(815301076,1909f56bfc062723c751e8b465ee728b)
Start importing Assets/Imports/forrest/forest_objects.prefab using Guid(12885e1df68590a4aa84c9eb47b5a1c6) Importer(815301076,1909f56bfc062723c751e8b465ee728b) [PhysX] Initialized MultithreadedTaskDispatcher with 16 workers.
[PhysX] Initialized MultithreadedTaskDispatcher with 16 workers.
 -> (artifact id: 'ed217c542906ca94db4c34a81699e9e1') in 0.097842 seconds
Number of updated asset objects reloaded before import = 0
Number of asset objects unloaded after import = 171
========================================================================
Received Import Request.
  Time since last request: 34.959593 seconds.
  path: Assets/Imports/forrest/viney-trees.png
  artifactKey: Guid(bf9b477933bed1b44a0fc2c52137332b) Importer(815301076,1909f56bfc062723c751e8b465ee728b)
Start importing Assets/Imports/forrest/viney-trees.png using Guid(bf9b477933bed1b44a0fc2c52137332b) Importer(815301076,1909f56bfc062723c751e8b465ee728b) [PhysX] Initialized MultithreadedTaskDispatcher with 16 workers.
[PhysX] Initialized MultithreadedTaskDispatcher with 16 workers.
 -> (artifact id: '3e5bce16f8528d185efe42ab1b618c94') in 0.059666 seconds
Number of updated asset objects reloaded before import = 0
Number of asset objects unloaded after import = 12
========================================================================
Received Import Request.
  Time since last request: 25.491591 seconds.
  path: Assets/Imports/forrest/viney-trees.png
  artifactKey: Guid(bf9b477933bed1b44a0fc2c52137332b) Importer(815301076,1909f56bfc062723c751e8b465ee728b)
Start importing Assets/Imports/forrest/viney-trees.png using Guid(bf9b477933bed1b44a0fc2c52137332b) Importer(815301076,1909f56bfc062723c751e8b465ee728b) [PhysX] Initialized MultithreadedTaskDispatcher with 16 workers.
[PhysX] Initialized MultithreadedTaskDispatcher with 16 workers.
 -> (artifact id: '0a39a2614248531a0088b71f384473b5') in 1.336744 seconds
Number of updated asset objects reloaded before import = 0
Number of asset objects unloaded after import = 953
========================================================================
Received Import Request.
  Time since last request: 45.617884 seconds.
  path: Assets/Imports/forrest/viney-trees.png
  artifactKey: Guid(bf9b477933bed1b44a0fc2c52137332b) Importer(815301076,1909f56bfc062723c751e8b465ee728b)
Start importing Assets/Imports/forrest/viney-trees.png using Guid(bf9b477933bed1b44a0fc2c52137332b) Importer(815301076,1909f56bfc062723c751e8b465ee728b) [PhysX] Initialized MultithreadedTaskDispatcher with 16 workers.
[PhysX] Initialized MultithreadedTaskDispatcher with 16 workers.
 -> (artifact id: '5752ac415adf98f766440dda2911d712') in 0.042012 seconds
Number of updated asset objects reloaded before import = 0
Number of asset objects unloaded after import = 12
========================================================================
Received Import Request.
  Time since last request: 10.833341 seconds.
  path: Assets/Imports/forrest/viney-trees.png
  artifactKey: Guid(bf9b477933bed1b44a0fc2c52137332b) Importer(815301076,1909f56bfc062723c751e8b465ee728b)
Start importing Assets/Imports/forrest/viney-trees.png using Guid(bf9b477933bed1b44a0fc2c52137332b) Importer(815301076,1909f56bfc062723c751e8b465ee728b) [PhysX] Initialized MultithreadedTaskDispatcher with 16 workers.
[PhysX] Initialized MultithreadedTaskDispatcher with 16 workers.
 -> (artifact id: '1d1c040439b51608009c3afb2b52a919') in 0.133001 seconds
Number of updated asset objects reloaded before import = 0
Number of asset objects unloaded after import = 87
========================================================================
Received Import Request.
  Time since last request: 97.773454 seconds.
  path: Assets/Imports/forrest/viney-trees.png
  artifactKey: Guid(bf9b477933bed1b44a0fc2c52137332b) Importer(815301076,1909f56bfc062723c751e8b465ee728b)
Start importing Assets/Imports/forrest/viney-trees.png using Guid(bf9b477933bed1b44a0fc2c52137332b) Importer(815301076,1909f56bfc062723c751e8b465ee728b) [PhysX] Initialized MultithreadedTaskDispatcher with 16 workers.
[PhysX] Initialized MultithreadedTaskDispatcher with 16 workers.
 -> (artifact id: '5613414bf4c904590bbf31c0cbd688a9') in 0.130551 seconds
Number of updated asset objects reloaded before import = 0
Number of asset objects unloaded after import = 87
========================================================================
Received Import Request.
  Time since last request: 28.550302 seconds.
  path: Assets/palette/Forrest-palette/forest_demo_objects_0.asset
  artifactKey: Guid(c20a0683d585980429bf187f5efb1118) Importer(815301076,1909f56bfc062723c751e8b465ee728b)
Start importing Assets/palette/Forrest-palette/forest_demo_objects_0.asset using Guid(c20a0683d585980429bf187f5efb1118) Importer(815301076,1909f56bfc062723c751e8b465ee728b) [PhysX] Initialized MultithreadedTaskDispatcher with 16 workers.
 -> (artifact id: '14144ae55129df1c5b269b258acf10cf') in 0.011794 seconds
Number of updated asset objects reloaded before import = 0
Number of asset objects unloaded after import = 3
========================================================================
Received Import Request.
  Time since last request: 0.002586 seconds.
  path: Assets/palette/Forrest-palette/forest_demo_objects_3.asset
  artifactKey: Guid(13804dee4c3fef74f8dfe1695c7babca) Importer(815301076,1909f56bfc062723c751e8b465ee728b)
Start importing Assets/palette/Forrest-palette/forest_demo_objects_3.asset using Guid(13804dee4c3fef74f8dfe1695c7babca) Importer(815301076,1909f56bfc062723c751e8b465ee728b) [PhysX] Initialized MultithreadedTaskDispatcher with 16 workers.
 -> (artifact id: '97a77967995dc431ab082b059d89fce8') in 0.011813 seconds
Number of updated asset objects reloaded before import = 0
Number of asset objects unloaded after import = 3
========================================================================
Received Import Request.
  Time since last request: 0.002067 seconds.
  path: Assets/palette/Forrest-palette/forest_demo_objects_6.asset
  artifactKey: Guid(902d29b74f371434a8117758e7b0bd95) Importer(815301076,1909f56bfc062723c751e8b465ee728b)
Start importing Assets/palette/Forrest-palette/forest_demo_objects_6.asset using Guid(902d29b74f371434a8117758e7b0bd95) Importer(815301076,1909f56bfc062723c751e8b465ee728b) [PhysX] Initialized MultithreadedTaskDispatcher with 16 workers.
 -> (artifact id: '4db04823db6009bf4799ae0b04cf8396') in 0.013376 seconds
Number of updated asset objects reloaded before import = 0
Number of asset objects unloaded after import = 3
========================================================================
Received Import Request.
  Time since last request: 0.000018 seconds.
  path: Assets/palette/Forrest-palette/forest_demo_objects_38.asset
  artifactKey: Guid(620be02b56fc92942b1acc8492fc56e9) Importer(815301076,1909f56bfc062723c751e8b465ee728b)
Start importing Assets/palette/Forrest-palette/forest_demo_objects_38.asset using Guid(620be02b56fc92942b1acc8492fc56e9) Importer(815301076,1909f56bfc062723c751e8b465ee728b) [PhysX] Initialized MultithreadedTaskDispatcher with 16 workers.
 -> (artifact id: '589389693ccfb93a1fbcdc02744aa274') in 0.012018 seconds
Number of updated asset objects reloaded before import = 0
Number of asset objects unloaded after import = 3
========================================================================
Received Import Request.
  Time since last request: 0.000022 seconds.
  path: Assets/palette/Forrest-palette/forest_demo_objects_52.asset
  artifactKey: Guid(d213e19e29128614a80c4acfe03921d2) Importer(815301076,1909f56bfc062723c751e8b465ee728b)
Start importing Assets/palette/Forrest-palette/forest_demo_objects_52.asset using Guid(d213e19e29128614a80c4acfe03921d2) Importer(815301076,1909f56bfc062723c751e8b465ee728b) [PhysX] Initialized MultithreadedTaskDispatcher with 16 workers.
 -> (artifact id: '32a9b5f65a88e2f39675a236c681bd82') in 0.013743 seconds
Number of updated asset objects reloaded before import = 0
Number of asset objects unloaded after import = 3
========================================================================
Received Import Request.
  Time since last request: 0.000028 seconds.
  path: Assets/palette/Forrest-palette/forest_demo_objects_30.asset
  artifactKey: Guid(f8f02cf9e2c469e44ac69f06d8cd50c1) Importer(815301076,1909f56bfc062723c751e8b465ee728b)
Start importing Assets/palette/Forrest-palette/forest_demo_objects_30.asset using Guid(f8f02cf9e2c469e44ac69f06d8cd50c1) Importer(815301076,1909f56bfc062723c751e8b465ee728b) [PhysX] Initialized MultithreadedTaskDispatcher with 16 workers.
 -> (artifact id: '5c7735cc4028bec8e16fb18921fd690a') in 0.013926 seconds
Number of updated asset objects reloaded before import = 0
Number of asset objects unloaded after import = 3
========================================================================
Received Import Request.
  Time since last request: 0.000029 seconds.
  path: Assets/palette/Forrest-palette/forest_demo_objects_56.asset
  artifactKey: Guid(63dcd2c71d511074d8d4cabdd3388644) Importer(815301076,1909f56bfc062723c751e8b465ee728b)
Start importing Assets/palette/Forrest-palette/forest_demo_objects_56.asset using Guid(63dcd2c71d511074d8d4cabdd3388644) Importer(815301076,1909f56bfc062723c751e8b465ee728b) [PhysX] Initialized MultithreadedTaskDispatcher with 16 workers.
 -> (artifact id: 'e35aa5b710f6b0eee9abc92fc77af0d3') in 0.012303 seconds
Number of updated asset objects reloaded before import = 0
Number of asset objects unloaded after import = 3
========================================================================
Received Import Request.
  Time since last request: 0.000020 seconds.
  path: Assets/palette/Forrest-palette/forest_demo_objects_23.asset
  artifactKey: Guid(7d45e94ce73919d449b7f6c64c5c8728) Importer(815301076,1909f56bfc062723c751e8b465ee728b)
Start importing Assets/palette/Forrest-palette/forest_demo_objects_23.asset using Guid(7d45e94ce73919d449b7f6c64c5c8728) Importer(815301076,1909f56bfc062723c751e8b465ee728b) [PhysX] Initialized MultithreadedTaskDispatcher with 16 workers.
 -> (artifact id: '45433fdf1088b746a01e2697abea5b1b') in 0.011273 seconds
Number of updated asset objects reloaded before import = 0
Number of asset objects unloaded after import = 3
========================================================================
Received Import Request.
  Time since last request: 0.000019 seconds.
  path: Assets/palette/Forrest-palette/forest_demo_objects_44.asset
  artifactKey: Guid(e7cc7f348b6a1f941ab7879633e94f2b) Importer(815301076,1909f56bfc062723c751e8b465ee728b)
Start importing Assets/palette/Forrest-palette/forest_demo_objects_44.asset using Guid(e7cc7f348b6a1f941ab7879633e94f2b) Importer(815301076,1909f56bfc062723c751e8b465ee728b) [PhysX] Initialized MultithreadedTaskDispatcher with 16 workers.
 -> (artifact id: 'fcaa9b3fe7e6e19023fe266a17f5cdf5') in 0.011324 seconds
Number of updated asset objects reloaded before import = 0
Number of asset objects unloaded after import = 3
========================================================================
Received Import Request.
  Time since last request: 0.000020 seconds.
  path: Assets/palette/Forrest-palette/forest_demo_objects_43.asset
  artifactKey: Guid(a397edafb380fb0429371a9923bf8e9a) Importer(815301076,1909f56bfc062723c751e8b465ee728b)
Start importing Assets/palette/Forrest-palette/forest_demo_objects_43.asset using Guid(a397edafb380fb0429371a9923bf8e9a) Importer(815301076,1909f56bfc062723c751e8b465ee728b) [PhysX] Initialized MultithreadedTaskDispatcher with 16 workers.
 -> (artifact id: '287ff64e6a0a6f4c8ef5b5406dc7bb26') in 0.013981 seconds
Number of updated asset objects reloaded before import = 0
Number of asset objects unloaded after import = 3
========================================================================
Received Import Request.
  Time since last request: 0.000027 seconds.
  path: Assets/palette/Forrest-palette/forest_demo_objects_24.asset
  artifactKey: Guid(4c129b2d335dd6f47a7301c88679822a) Importer(815301076,1909f56bfc062723c751e8b465ee728b)
Start importing Assets/palette/Forrest-palette/forest_demo_objects_24.asset using Guid(4c129b2d335dd6f47a7301c88679822a) Importer(815301076,1909f56bfc062723c751e8b465ee728b) [PhysX] Initialized MultithreadedTaskDispatcher with 16 workers.
 -> (artifact id: '2d137598449d6e31c8a15f3f9fd0a8e3') in 0.012817 seconds
Number of updated asset objects reloaded before import = 0
Number of asset objects unloaded after import = 3
========================================================================
Received Import Request.
  Time since last request: 0.000028 seconds.
  path: Assets/palette/Forrest-palette/forest_demo_objects_39.asset
  artifactKey: Guid(c97488c91970c4c4392199fc415cffd8) Importer(815301076,1909f56bfc062723c751e8b465ee728b)
Start importing Assets/palette/Forrest-palette/forest_demo_objects_39.asset using Guid(c97488c91970c4c4392199fc415cffd8) Importer(815301076,1909f56bfc062723c751e8b465ee728b) [PhysX] Initialized MultithreadedTaskDispatcher with 16 workers.
 -> (artifact id: '75a2349f5122a3008538722cebe3720d') in 0.011625 seconds
Number of updated asset objects reloaded before import = 0
Number of asset objects unloaded after import = 3
========================================================================
Received Import Request.
  Time since last request: 0.000025 seconds.
  path: Assets/palette/Forrest-palette/forest_demo_objects_26.asset
  artifactKey: Guid(74e9261a78a929e489f44a31590f93ab) Importer(815301076,1909f56bfc062723c751e8b465ee728b)
Start importing Assets/palette/Forrest-palette/forest_demo_objects_26.asset using Guid(74e9261a78a929e489f44a31590f93ab) Importer(815301076,1909f56bfc062723c751e8b465ee728b) [PhysX] Initialized MultithreadedTaskDispatcher with 16 workers.
 -> (artifact id: '5c21bf1176914d767d5afd4da821b4f3') in 0.012491 seconds
Number of updated asset objects reloaded before import = 0
Number of asset objects unloaded after import = 3
========================================================================
Received Import Request.
  Time since last request: 0.000028 seconds.
  path: Assets/palette/Forrest-palette/forest_demo_objects_13.asset
  artifactKey: Guid(e79068da495673a4ab31139ace242fea) Importer(815301076,1909f56bfc062723c751e8b465ee728b)
Start importing Assets/palette/Forrest-palette/forest_demo_objects_13.asset using Guid(e79068da495673a4ab31139ace242fea) Importer(815301076,1909f56bfc062723c751e8b465ee728b) [PhysX] Initialized MultithreadedTaskDispatcher with 16 workers.
 -> (artifact id: '7f5118624b3c5e7d31f3686f1d09955e') in 0.011271 seconds
Number of updated asset objects reloaded before import = 0
Number of asset objects unloaded after import = 3
========================================================================
Received Import Request.
  Time since last request: 0.000023 seconds.
  path: Assets/palette/Forrest-palette/forest_demo_objects_48.asset
  artifactKey: Guid(0b7d29c05ccc1b14abce5fda3ffc689e) Importer(815301076,1909f56bfc062723c751e8b465ee728b)
Start importing Assets/palette/Forrest-palette/forest_demo_objects_48.asset using Guid(0b7d29c05ccc1b14abce5fda3ffc689e) Importer(815301076,1909f56bfc062723c751e8b465ee728b) [PhysX] Initialized MultithreadedTaskDispatcher with 16 workers.
 -> (artifact id: 'b42c488e686dab267fe5464b41ba673c') in 0.011552 seconds
Number of updated asset objects reloaded before import = 0
Number of asset objects unloaded after import = 3
========================================================================
Received Import Request.
  Time since last request: 0.000016 seconds.
  path: Assets/palette/Forrest-palette/forest_demo_objects_67.asset
  artifactKey: Guid(bb39acd4d524bcd4a912c71bc08356a0) Importer(815301076,1909f56bfc062723c751e8b465ee728b)
Start importing Assets/palette/Forrest-palette/forest_demo_objects_67.asset using Guid(bb39acd4d524bcd4a912c71bc08356a0) Importer(815301076,1909f56bfc062723c751e8b465ee728b) [PhysX] Initialized MultithreadedTaskDispatcher with 16 workers.
 -> (artifact id: 'a3322073230cecb109fe9f032a55bf37') in 0.009733 seconds
Number of updated asset objects reloaded before import = 0
Number of asset objects unloaded after import = 3
========================================================================
Received Import Request.
  Time since last request: 0.000021 seconds.
  path: Assets/palette/Forrest-palette/forest_demo_objects_63.asset
  artifactKey: Guid(6bb00a0170e1a3f4b9ec57c0429f9a19) Importer(815301076,1909f56bfc062723c751e8b465ee728b)
Start importing Assets/palette/Forrest-palette/forest_demo_objects_63.asset using Guid(6bb00a0170e1a3f4b9ec57c0429f9a19) Importer(815301076,1909f56bfc062723c751e8b465ee728b) [PhysX] Initialized MultithreadedTaskDispatcher with 16 workers.
 -> (artifact id: '61b2d1bfdffee26f3d4eec6bad09eea4') in 0.011248 seconds
Number of updated asset objects reloaded before import = 0
Number of asset objects unloaded after import = 3
========================================================================
Received Import Request.
  Time since last request: 0.000031 seconds.
  path: Assets/palette/Forrest-palette/forest_demo_objects_75.asset
  artifactKey: Guid(188c69ce44f19474a93daddb5c0bcf95) Importer(815301076,1909f56bfc062723c751e8b465ee728b)
Start importing Assets/palette/Forrest-palette/forest_demo_objects_75.asset using Guid(188c69ce44f19474a93daddb5c0bcf95) Importer(815301076,1909f56bfc062723c751e8b465ee728b) [PhysX] Initialized MultithreadedTaskDispatcher with 16 workers.
 -> (artifact id: 'cd1a5ae07cd4a161df5ebbbfd54d903c') in 0.012892 seconds
Number of updated asset objects reloaded before import = 0
Number of asset objects unloaded after import = 3
========================================================================
Received Import Request.
  Time since last request: 0.000020 seconds.
  path: Assets/palette/Forrest-palette/forest_demo_objects_19.asset
  artifactKey: Guid(dc90baf40b10e1b43abeed9511856341) Importer(815301076,1909f56bfc062723c751e8b465ee728b)
Start importing Assets/palette/Forrest-palette/forest_demo_objects_19.asset using Guid(dc90baf40b10e1b43abeed9511856341) Importer(815301076,1909f56bfc062723c751e8b465ee728b) [PhysX] Initialized MultithreadedTaskDispatcher with 16 workers.
 -> (artifact id: 'd9e3dbeacaec58338d748ceb9ce860b6') in 0.011576 seconds
Number of updated asset objects reloaded before import = 0
Number of asset objects unloaded after import = 3
========================================================================
Received Import Request.
  Time since last request: 0.000018 seconds.
  path: Assets/palette/Forrest-palette/forest_demo_objects_36.asset
  artifactKey: Guid(76945259ea6582b49bb31264be5f8a7a) Importer(815301076,1909f56bfc062723c751e8b465ee728b)
Start importing Assets/palette/Forrest-palette/forest_demo_objects_36.asset using Guid(76945259ea6582b49bb31264be5f8a7a) Importer(815301076,1909f56bfc062723c751e8b465ee728b) [PhysX] Initialized MultithreadedTaskDispatcher with 16 workers.
 -> (artifact id: 'a72036df8e0f90f64b9d70dfeeb13fbc') in 0.011546 seconds
Number of updated asset objects reloaded before import = 0
Number of asset objects unloaded after import = 3
========================================================================
Received Import Request.
  Time since last request: 0.000018 seconds.
  path: Assets/palette/Forrest-palette/forest_demo_objects_68.asset
  artifactKey: Guid(b14881d8b53020940b3c9ec925074686) Importer(815301076,1909f56bfc062723c751e8b465ee728b)
Start importing Assets/palette/Forrest-palette/forest_demo_objects_68.asset using Guid(b14881d8b53020940b3c9ec925074686) Importer(815301076,1909f56bfc062723c751e8b465ee728b) [PhysX] Initialized MultithreadedTaskDispatcher with 16 workers.
 -> (artifact id: '4755bd293f57a75c1b498a48a3e06b6e') in 0.012012 seconds
Number of updated asset objects reloaded before import = 0
Number of asset objects unloaded after import = 3
========================================================================
Received Import Request.
  Time since last request: 0.000024 seconds.
  path: Assets/palette/Forrest-palette/forest_demo_objects_34.asset
  artifactKey: Guid(24269a952197f8c4da7263f932eda7e0) Importer(815301076,1909f56bfc062723c751e8b465ee728b)
Start importing Assets/palette/Forrest-palette/forest_demo_objects_34.asset using Guid(24269a952197f8c4da7263f932eda7e0) Importer(815301076,1909f56bfc062723c751e8b465ee728b) [PhysX] Initialized MultithreadedTaskDispatcher with 16 workers.
 -> (artifact id: '49cd7ca7190c6e13e36bd121409277d1') in 0.011614 seconds
Number of updated asset objects reloaded before import = 0
Number of asset objects unloaded after import = 3
========================================================================
Received Import Request.
  Time since last request: 0.000021 seconds.
  path: Assets/palette/Forrest-palette/forest_demo_objects_8.asset
  artifactKey: Guid(d5fe6c314f332e64b861b0bbd7c7fdd4) Importer(815301076,1909f56bfc062723c751e8b465ee728b)
Start importing Assets/palette/Forrest-palette/forest_demo_objects_8.asset using Guid(d5fe6c314f332e64b861b0bbd7c7fdd4) Importer(815301076,1909f56bfc062723c751e8b465ee728b) [PhysX] Initialized MultithreadedTaskDispatcher with 16 workers.
 -> (artifact id: '271251120e87c25efc374e7818fc143c') in 0.010786 seconds
Number of updated asset objects reloaded before import = 0
Number of asset objects unloaded after import = 3
========================================================================
Received Import Request.
  Time since last request: 0.000021 seconds.
  path: Assets/palette/Forrest-palette/forest_demo_objects_18.asset
  artifactKey: Guid(fc07d87b6dbb3d0428041154a019767b) Importer(815301076,1909f56bfc062723c751e8b465ee728b)
Start importing Assets/palette/Forrest-palette/forest_demo_objects_18.asset using Guid(fc07d87b6dbb3d0428041154a019767b) Importer(815301076,1909f56bfc062723c751e8b465ee728b) [PhysX] Initialized MultithreadedTaskDispatcher with 16 workers.
 -> (artifact id: '5dde61d9262c6fa3e1d97fabbd9d09a2') in 0.012275 seconds
Number of updated asset objects reloaded before import = 0
Number of asset objects unloaded after import = 3
========================================================================
Received Import Request.
  Time since last request: 0.000029 seconds.
  path: Assets/palette/Forrest-palette/forest_demo_objects_47.asset
  artifactKey: Guid(38d5e0bdf1e67ea46be2ba7b1f4646c6) Importer(815301076,1909f56bfc062723c751e8b465ee728b)
Start importing Assets/palette/Forrest-palette/forest_demo_objects_47.asset using Guid(38d5e0bdf1e67ea46be2ba7b1f4646c6) Importer(815301076,1909f56bfc062723c751e8b465ee728b) [PhysX] Initialized MultithreadedTaskDispatcher with 16 workers.
 -> (artifact id: '8e8a11cbe650a2b70d853c877d593ea0') in 0.012397 seconds
Number of updated asset objects reloaded before import = 0
Number of asset objects unloaded after import = 3
========================================================================
Received Import Request.
  Time since last request: 0.000021 seconds.
  path: Assets/palette/Forrest-palette/forest_demo_objects_27.asset
  artifactKey: Guid(4b05b49f3365f9c42b1a4ea593cb16e1) Importer(815301076,1909f56bfc062723c751e8b465ee728b)
Start importing Assets/palette/Forrest-palette/forest_demo_objects_27.asset using Guid(4b05b49f3365f9c42b1a4ea593cb16e1) Importer(815301076,1909f56bfc062723c751e8b465ee728b) [PhysX] Initialized MultithreadedTaskDispatcher with 16 workers.
 -> (artifact id: '002a660d5175fb4a25b64f7e738dc75c') in 0.011128 seconds
Number of updated asset objects reloaded before import = 0
Number of asset objects unloaded after import = 3
========================================================================
Received Import Request.
  Time since last request: 0.000023 seconds.
  path: Assets/palette/Forrest-palette/forest_demo_objects_64.asset
  artifactKey: Guid(5d313d4bf030db740adbd1d8aa3f3fae) Importer(815301076,1909f56bfc062723c751e8b465ee728b)
Start importing Assets/palette/Forrest-palette/forest_demo_objects_64.asset using Guid(5d313d4bf030db740adbd1d8aa3f3fae) Importer(815301076,1909f56bfc062723c751e8b465ee728b) [PhysX] Initialized MultithreadedTaskDispatcher with 16 workers.
 -> (artifact id: '1495f9d29f94e72cf9f99aa3459a41e6') in 0.011522 seconds
Number of updated asset objects reloaded before import = 0
Number of asset objects unloaded after import = 3
========================================================================
Received Import Request.
  Time since last request: 0.000025 seconds.
  path: Assets/palette/Forrest-palette/forest_demo_objects_4.asset
  artifactKey: Guid(dc3025e3a53e6ce49a5c715505b50f6c) Importer(815301076,1909f56bfc062723c751e8b465ee728b)
Start importing Assets/palette/Forrest-palette/forest_demo_objects_4.asset using Guid(dc3025e3a53e6ce49a5c715505b50f6c) Importer(815301076,1909f56bfc062723c751e8b465ee728b) [PhysX] Initialized MultithreadedTaskDispatcher with 16 workers.
 -> (artifact id: 'c84e3541db8e83f91e195f51a3adb360') in 0.011913 seconds
Number of updated asset objects reloaded before import = 0
Number of asset objects unloaded after import = 3
========================================================================
Received Import Request.
  Time since last request: 0.000031 seconds.
  path: Assets/palette/Forrest-palette/forest_demo_objects_61.asset
  artifactKey: Guid(c0a5bd20b7b999c4c90072f1a4744bf0) Importer(815301076,1909f56bfc062723c751e8b465ee728b)
Start importing Assets/palette/Forrest-palette/forest_demo_objects_61.asset using Guid(c0a5bd20b7b999c4c90072f1a4744bf0) Importer(815301076,1909f56bfc062723c751e8b465ee728b) [PhysX] Initialized MultithreadedTaskDispatcher with 16 workers.
 -> (artifact id: '7d9dc15bc1d1bd3320d1e0ecf0e6758a') in 0.011393 seconds
Number of updated asset objects reloaded before import = 0
Number of asset objects unloaded after import = 3
========================================================================
Received Import Request.
  Time since last request: 0.000408 seconds.
  path: Assets/palette/Forrest-palette/forest_demo_objects_78.asset
  artifactKey: Guid(283d9f98de7c41d41bc9bfebd680d6b5) Importer(815301076,1909f56bfc062723c751e8b465ee728b)
Start importing Assets/palette/Forrest-palette/forest_demo_objects_78.asset using Guid(283d9f98de7c41d41bc9bfebd680d6b5) Importer(815301076,1909f56bfc062723c751e8b465ee728b) [PhysX] Initialized MultithreadedTaskDispatcher with 16 workers.
 -> (artifact id: '4df5e65f700d2519dbcc4eb8028e531d') in 0.011787 seconds
Number of updated asset objects reloaded before import = 0
Number of asset objects unloaded after import = 3
========================================================================
Received Import Request.
  Time since last request: 0.000017 seconds.
  path: Assets/palette/Forrest-palette/forest_demo_objects_77.asset
  artifactKey: Guid(babd5738955876849a55fd90e0c959f6) Importer(815301076,1909f56bfc062723c751e8b465ee728b)
Start importing Assets/palette/Forrest-palette/forest_demo_objects_77.asset using Guid(babd5738955876849a55fd90e0c959f6) Importer(815301076,1909f56bfc062723c751e8b465ee728b) [PhysX] Initialized MultithreadedTaskDispatcher with 16 workers.
 -> (artifact id: 'a925c8278d9f85763a7557f92f7e105b') in 0.012017 seconds
Number of updated asset objects reloaded before import = 0
Number of asset objects unloaded after import = 3
========================================================================
Received Import Request.
  Time since last request: 0.000021 seconds.
  path: Assets/palette/Forrest-palette/forest_demo_objects_54.asset
  artifactKey: Guid(88cb01e48a483874687c5185de87e1f3) Importer(815301076,1909f56bfc062723c751e8b465ee728b)
Start importing Assets/palette/Forrest-palette/forest_demo_objects_54.asset using Guid(88cb01e48a483874687c5185de87e1f3) Importer(815301076,1909f56bfc062723c751e8b465ee728b) [PhysX] Initialized MultithreadedTaskDispatcher with 16 workers.
 -> (artifact id: '547961ff7233663f7f26f75f88183ab5') in 0.011935 seconds
Number of updated asset objects reloaded before import = 0
Number of asset objects unloaded after import = 3
========================================================================
Received Import Request.
  Time since last request: 0.000018 seconds.
  path: Assets/palette/Forrest-palette/forest_demo_objects_9.asset
  artifactKey: Guid(715da4c853d382948b7c76605edb81da) Importer(815301076,1909f56bfc062723c751e8b465ee728b)
Start importing Assets/palette/Forrest-palette/forest_demo_objects_9.asset using Guid(715da4c853d382948b7c76605edb81da) Importer(815301076,1909f56bfc062723c751e8b465ee728b) [PhysX] Initialized MultithreadedTaskDispatcher with 16 workers.
 -> (artifact id: 'd8da33fdec731995f11430454d41d6a8') in 0.011195 seconds
Number of updated asset objects reloaded before import = 0
Number of asset objects unloaded after import = 3
========================================================================
Received Import Request.
  Time since last request: 0.000020 seconds.
  path: Assets/palette/Forrest-palette/forest_demo_objects_59.asset
  artifactKey: Guid(6d40717471346b34380ac50a8996d217) Importer(815301076,1909f56bfc062723c751e8b465ee728b)
Start importing Assets/palette/Forrest-palette/forest_demo_objects_59.asset using Guid(6d40717471346b34380ac50a8996d217) Importer(815301076,1909f56bfc062723c751e8b465ee728b) [PhysX] Initialized MultithreadedTaskDispatcher with 16 workers.
 -> (artifact id: 'c812aa561685e880ecf81542a2f98186') in 0.016175 seconds
Number of updated asset objects reloaded before import = 0
Number of asset objects unloaded after import = 3
========================================================================
Received Import Request.
  Time since last request: 0.000021 seconds.
  path: Assets/palette/Forrest-palette/forest_demo_objects_66.asset
  artifactKey: Guid(ba61c07fb5be6dd44bc9fe22b6d67482) Importer(815301076,1909f56bfc062723c751e8b465ee728b)
Start importing Assets/palette/Forrest-palette/forest_demo_objects_66.asset using Guid(ba61c07fb5be6dd44bc9fe22b6d67482) Importer(815301076,1909f56bfc062723c751e8b465ee728b) [PhysX] Initialized MultithreadedTaskDispatcher with 16 workers.
 -> (artifact id: '41e82f56adb2501f476c8968dac2b133') in 0.013656 seconds
Number of updated asset objects reloaded before import = 0
Number of asset objects unloaded after import = 3
========================================================================
Received Import Request.
  Time since last request: 0.000038 seconds.
  path: Assets/palette/Forrest-palette/forest_demo_objects_62.asset
  artifactKey: Guid(92ab929933f43d54199138c933ecd140) Importer(815301076,1909f56bfc062723c751e8b465ee728b)
Start importing Assets/palette/Forrest-palette/forest_demo_objects_62.asset using Guid(92ab929933f43d54199138c933ecd140) Importer(815301076,1909f56bfc062723c751e8b465ee728b) [PhysX] Initialized MultithreadedTaskDispatcher with 16 workers.
 -> (artifact id: 'f2581466cbb53e0cff8fef100d1625c5') in 0.013262 seconds
Number of updated asset objects reloaded before import = 0
Number of asset objects unloaded after import = 3
========================================================================
Received Import Request.
  Time since last request: 0.000020 seconds.
  path: Assets/palette/Forrest-palette/forest_demo_objects_69.asset
  artifactKey: Guid(3baad7436dfb3164ab1d9ec2765155c7) Importer(815301076,1909f56bfc062723c751e8b465ee728b)
Start importing Assets/palette/Forrest-palette/forest_demo_objects_69.asset using Guid(3baad7436dfb3164ab1d9ec2765155c7) Importer(815301076,1909f56bfc062723c751e8b465ee728b) [PhysX] Initialized MultithreadedTaskDispatcher with 16 workers.
 -> (artifact id: 'bd55d2893c7444b1960d1dd4079e09a8') in 0.011255 seconds
Number of updated asset objects reloaded before import = 0
Number of asset objects unloaded after import = 3
========================================================================
Received Import Request.
  Time since last request: 0.000016 seconds.
  path: Assets/palette/Forrest-palette/forest_demo_objects_79.asset
  artifactKey: Guid(f522ab204f7422647980009ed72269fa) Importer(815301076,1909f56bfc062723c751e8b465ee728b)
Start importing Assets/palette/Forrest-palette/forest_demo_objects_79.asset using Guid(f522ab204f7422647980009ed72269fa) Importer(815301076,1909f56bfc062723c751e8b465ee728b) [PhysX] Initialized MultithreadedTaskDispatcher with 16 workers.
 -> (artifact id: '6cb40772caef3755b6a91dc574116b46') in 0.012551 seconds
Number of updated asset objects reloaded before import = 0
Number of asset objects unloaded after import = 3
========================================================================
Received Import Request.
  Time since last request: 0.000027 seconds.
  path: Assets/palette/Forrest-palette/forest_demo_objects_17.asset
  artifactKey: Guid(87c45cf53a43d9d489da75d1a62dd35b) Importer(815301076,1909f56bfc062723c751e8b465ee728b)
Start importing Assets/palette/Forrest-palette/forest_demo_objects_17.asset using Guid(87c45cf53a43d9d489da75d1a62dd35b) Importer(815301076,1909f56bfc062723c751e8b465ee728b) [PhysX] Initialized MultithreadedTaskDispatcher with 16 workers.
 -> (artifact id: '51aebe0ec8d6c2e93766de255371a15d') in 0.012367 seconds
Number of updated asset objects reloaded before import = 0
Number of asset objects unloaded after import = 3
========================================================================
Received Import Request.
  Time since last request: 0.000026 seconds.
  path: Assets/palette/Forrest-palette/forest_demo_objects_2.asset
  artifactKey: Guid(6fcc2dab009bbde48a4a14abcd8be793) Importer(815301076,1909f56bfc062723c751e8b465ee728b)
Start importing Assets/palette/Forrest-palette/forest_demo_objects_2.asset using Guid(6fcc2dab009bbde48a4a14abcd8be793) Importer(815301076,1909f56bfc062723c751e8b465ee728b) [PhysX] Initialized MultithreadedTaskDispatcher with 16 workers.
 -> (artifact id: '0497eba5b018c7ac8b16b779329760eb') in 0.011298 seconds
Number of updated asset objects reloaded before import = 0
Number of asset objects unloaded after import = 3
========================================================================
Received Import Request.
  Time since last request: 0.000028 seconds.
  path: Assets/palette/Forrest-palette/forest_demo_objects_53.asset
  artifactKey: Guid(42994d884a8459c4186a2165b40f21ae) Importer(815301076,1909f56bfc062723c751e8b465ee728b)
Start importing Assets/palette/Forrest-palette/forest_demo_objects_53.asset using Guid(42994d884a8459c4186a2165b40f21ae) Importer(815301076,1909f56bfc062723c751e8b465ee728b) [PhysX] Initialized MultithreadedTaskDispatcher with 16 workers.
 -> (artifact id: '7cb3fe2d8f1f58066d2b02a64c3cdc54') in 0.011448 seconds
Number of updated asset objects reloaded before import = 0
Number of asset objects unloaded after import = 3
========================================================================
Received Import Request.
  Time since last request: 0.000025 seconds.
  path: Assets/palette/Forrest-palette/forest_demo_objects_49.asset
  artifactKey: Guid(5c972292f42aff547886a46e0090ba57) Importer(815301076,1909f56bfc062723c751e8b465ee728b)
Start importing Assets/palette/Forrest-palette/forest_demo_objects_49.asset using Guid(5c972292f42aff547886a46e0090ba57) Importer(815301076,1909f56bfc062723c751e8b465ee728b) [PhysX] Initialized MultithreadedTaskDispatcher with 16 workers.
 -> (artifact id: '75162f2f0b4c3fa78f3a49697ac275f0') in 0.011037 seconds
Number of updated asset objects reloaded before import = 0
Number of asset objects unloaded after import = 3
========================================================================
Received Import Request.
  Time since last request: 0.000029 seconds.
  path: Assets/palette/Forrest-palette/forest_demo_objects_28.asset
  artifactKey: Guid(b2ffddc00219df44980362c7e98bfded) Importer(815301076,1909f56bfc062723c751e8b465ee728b)
Start importing Assets/palette/Forrest-palette/forest_demo_objects_28.asset using Guid(b2ffddc00219df44980362c7e98bfded) Importer(815301076,1909f56bfc062723c751e8b465ee728b) [PhysX] Initialized MultithreadedTaskDispatcher with 16 workers.
 -> (artifact id: 'c8d30f3bdaa7bf9d143065687a997548') in 0.013275 seconds
Number of updated asset objects reloaded before import = 0
Number of asset objects unloaded after import = 3
========================================================================
Received Import Request.
  Time since last request: 0.683924 seconds.
  path: Assets/palette/Forrest-palette/TileSheet1.prefab
  artifactKey: Guid(59a39143abd227a479e4003bac0778ea) Importer(815301076,1909f56bfc062723c751e8b465ee728b)
Start importing Assets/palette/Forrest-palette/TileSheet1.prefab using Guid(59a39143abd227a479e4003bac0778ea) Importer(815301076,1909f56bfc062723c751e8b465ee728b) [PhysX] Initialized MultithreadedTaskDispatcher with 16 workers.
[PhysX] Initialized MultithreadedTaskDispatcher with 16 workers.
 -> (artifact id: 'b77c991ccd59f99deeb6429ac7bd75d9') in 0.016163 seconds
Number of updated asset objects reloaded before import = 0
Number of asset objects unloaded after import = 31
========================================================================
Received Import Request.
  Time since last request: 0.000093 seconds.
  path: Assets/palette/Forrest-palette/viney-trees_1.asset
  artifactKey: Guid(e332f7d6f3555a94681df75f5c7f1039) Importer(815301076,1909f56bfc062723c751e8b465ee728b)
Start importing Assets/palette/Forrest-palette/viney-trees_1.asset using Guid(e332f7d6f3555a94681df75f5c7f1039) Importer(815301076,1909f56bfc062723c751e8b465ee728b) [PhysX] Initialized MultithreadedTaskDispatcher with 16 workers.
 -> (artifact id: '500beef38f82ab9624c1a22a1dfe0b02') in 0.013620 seconds
Number of updated asset objects reloaded before import = 0
Number of asset objects unloaded after import = 3
========================================================================
Received Import Request.
  Time since last request: 0.000020 seconds.
  path: Assets/palette/Forrest-palette/viney-trees_3.asset
  artifactKey: Guid(d3eeade9cd000b3418d75338fe92ed6f) Importer(815301076,1909f56bfc062723c751e8b465ee728b)
Start importing Assets/palette/Forrest-palette/viney-trees_3.asset using Guid(d3eeade9cd000b3418d75338fe92ed6f) Importer(815301076,1909f56bfc062723c751e8b465ee728b) [PhysX] Initialized MultithreadedTaskDispatcher with 16 workers.
 -> (artifact id: 'cdf8bfe053a6b0545408af4cac8de2f2') in 0.010879 seconds
Number of updated asset objects reloaded before import = 0
Number of asset objects unloaded after import = 3
========================================================================
Received Import Request.
  Time since last request: 0.000024 seconds.
  path: Assets/palette/Forrest-palette/viney-trees_9.asset
  artifactKey: Guid(a25ab5f1d8c8d63418286f0f54dfcded) Importer(815301076,1909f56bfc062723c751e8b465ee728b)
Start importing Assets/palette/Forrest-palette/viney-trees_9.asset using Guid(a25ab5f1d8c8d63418286f0f54dfcded) Importer(815301076,1909f56bfc062723c751e8b465ee728b) [PhysX] Initialized MultithreadedTaskDispatcher with 16 workers.
 -> (artifact id: 'cbb1094e246308744b2c1f2ea642d5cb') in 0.010727 seconds
Number of updated asset objects reloaded before import = 0
Number of asset objects unloaded after import = 3
========================================================================
Received Import Request.
  Time since last request: 0.000025 seconds.
  path: Assets/palette/Forrest-palette/viney-trees_6.asset
  artifactKey: Guid(a91a6b828cde27e4a9a0be339057acc8) Importer(815301076,1909f56bfc062723c751e8b465ee728b)
Start importing Assets/palette/Forrest-palette/viney-trees_6.asset using Guid(a91a6b828cde27e4a9a0be339057acc8) Importer(815301076,1909f56bfc062723c751e8b465ee728b) [PhysX] Initialized MultithreadedTaskDispatcher with 16 workers.
 -> (artifact id: '35a6ea9d8fcace41574f76517ff55705') in 0.012578 seconds
Number of updated asset objects reloaded before import = 0
Number of asset objects unloaded after import = 3
Editor requested this worker to shutdown with reason: Scaling down because of idle timeout
TcpMessagingSession - receive error: operation aborted. errorcode: 995, details: Lopration dentre/sortie a t abandonne en raison de larrt dun thread ou  la demande dune application.
AssetImportWorker is now disconnected from the server
Process exiting
Exiting without the bug reporter. Application will terminate with return code 0