Using pre-set license
Built from '2022.3/release' branch; Version is '2022.3.48f1 (8bf49c377ebf) revision 9172124'; Using compiler version '192829333'; Build Type 'Release'
OS: 'Windows 11  (10.0.22631) 64bit Professional' Language: 'fr' Physical Memory: 32720 MB
BatchMode: 1, IsHumanControllingUs: 0, StartBugReporterOnCrash: 0, Is64bit: 1, IsPro: 1

COMMAND LINE ARGUMENTS:
C:\Program Files\Unity\Hub\Editor\2022.3.48f1\Editor\Unity.exe
-adb2
-batchMode
-noUpm
-name
AssetImportWorker9
-projectPath
C:/Users/Thomas WCS/Documents/hackaton3/Renardors-Revenge
-logFile
Logs/AssetImportWorker9.log
-srvPort
55197
Successfully changed project path to: C:/Users/Thomas WCS/Documents/hackaton3/Renardors-Revenge
C:/Users/Thomas WCS/Documents/hackaton3/Renardors-Revenge
[UnityMemory] Configuration Parameters - Can be set up in boot.config
    "memorysetup-bucket-allocator-granularity=16"
    "memorysetup-bucket-allocator-bucket-count=8"
    "memorysetup-bucket-allocator-block-size=33554432"
    "memorysetup-bucket-allocator-block-count=8"
    "memorysetup-main-allocator-block-size=16777216"
    "memorysetup-thread-allocator-block-size=16777216"
    "memorysetup-gfx-main-allocator-block-size=16777216"
    "memorysetup-gfx-thread-allocator-block-size=16777216"
    "memorysetup-cache-allocator-block-size=4194304"
    "memorysetup-typetree-allocator-block-size=2097152"
    "memorysetup-profiler-bucket-allocator-granularity=16"
    "memorysetup-profiler-bucket-allocator-bucket-count=8"
    "memorysetup-profiler-bucket-allocator-block-size=33554432"
    "memorysetup-profiler-bucket-allocator-block-count=8"
    "memorysetup-profiler-allocator-block-size=16777216"
    "memorysetup-profiler-editor-allocator-block-size=1048576"
    "memorysetup-temp-allocator-size-main=16777216"
    "memorysetup-job-temp-allocator-block-size=2097152"
    "memorysetup-job-temp-allocator-block-size-background=1048576"
    "memorysetup-job-temp-allocator-reduction-small-platforms=262144"
    "memorysetup-allocator-temp-initial-block-size-main=262144"
    "memorysetup-allocator-temp-initial-block-size-worker=262144"
    "memorysetup-temp-allocator-size-background-worker=32768"
    "memorysetup-temp-allocator-size-job-worker=262144"
    "memorysetup-temp-allocator-size-preload-manager=33554432"
    "memorysetup-temp-allocator-size-nav-mesh-worker=65536"
    "memorysetup-temp-allocator-size-audio-worker=65536"
    "memorysetup-temp-allocator-size-cloud-worker=32768"
    "memorysetup-temp-allocator-size-gi-baking-worker=262144"
    "memorysetup-temp-allocator-size-gfx=262144"
Player connection [29176]  Target information:

Player connection [29176]  * "[IP] 192.168.1.78 [Port] 0 [Flags] 2 [Guid] 2294743133 [EditorId] 2294743133 [Version] 1048832 [Id] WindowsEditor(7,DESKTOP-66GLH2V) [Debug] 1 [PackageName] WindowsEditor [ProjectName] Editor" 

Player connection [29176]  * "[IP] 169.254.123.123 [Port] 0 [Flags] 2 [Guid] 2294743133 [EditorId] 2294743133 [Version] 1048832 [Id] WindowsEditor(7,DESKTOP-66GLH2V) [Debug] 1 [PackageName] WindowsEditor [ProjectName] Editor" 

Player connection [29176] Host joined multi-casting on [225.0.0.222:54997]...
Player connection [29176] Host joined alternative multi-casting on [225.0.0.222:34997]...
[PhysX] Initialized MultithreadedTaskDispatcher with 16 workers.
Refreshing native plugins compatible for Editor in 15.86 ms, found 4 plugins.
Preloading 0 native plugins for Editor in 0.00 ms.
Initialize engine version: 2022.3.48f1 (8bf49c377ebf)
[Subsystems] Discovering subsystems at path C:/Program Files/Unity/Hub/Editor/2022.3.48f1/Editor/Data/Resources/UnitySubsystems
[Subsystems] Discovering subsystems at path C:/Users/Thomas WCS/Documents/hackaton3/Renardors-Revenge/Assets
GfxDevice: creating device client; threaded=0; jobified=0
Direct3D:
    Version:  Direct3D 11.0 [level 11.1]
    Renderer: NVIDIA GeForce RTX 2070 SUPER (ID=0x1e84)
    Vendor:   NVIDIA
    VRAM:     7989 MB
    Driver:   32.0.15.5599
Initialize mono
Mono path[0] = 'C:/Program Files/Unity/Hub/Editor/2022.3.48f1/Editor/Data/Managed'
Mono path[1] = 'C:/Program Files/Unity/Hub/Editor/2022.3.48f1/Editor/Data/MonoBleedingEdge/lib/mono/unityjit-win32'
Mono config path = 'C:/Program Files/Unity/Hub/Editor/2022.3.48f1/Editor/Data/MonoBleedingEdge/etc'
Using monoOptions --debugger-agent=transport=dt_socket,embedding=1,server=y,suspend=n,address=127.0.0.1:56532
Begin MonoManager ReloadAssembly
Registering precompiled unity dll's ...
Register platform support module: C:/Program Files/Unity/Hub/Editor/2022.3.48f1/Editor/Data/PlaybackEngines/WebGLSupport/UnityEditor.WebGL.Extensions.dll
Register platform support module: C:/Program Files/Unity/Hub/Editor/2022.3.48f1/Editor/Data/PlaybackEngines/WindowsStandaloneSupport/UnityEditor.WindowsStandalone.Extensions.dll
Registered in 0.011108 seconds.
- Loaded All Assemblies, in  0.416 seconds
Native extension for WindowsStandalone target not found
Native extension for WebGL target not found
Mono: successfully reloaded assembly
- Finished resetting the current domain, in  0.304 seconds
Domain Reload Profiling: 717ms
	BeginReloadAssembly (116ms)
		ExecutionOrderSort (0ms)
		DisableScriptedObjects (0ms)
		BackupInstance (0ms)
		ReleaseScriptingObjects (0ms)
		CreateAndSetChildDomain (1ms)
	RebuildCommonClasses (38ms)
	RebuildNativeTypeToScriptingClass (13ms)
	initialDomainReloadingComplete (72ms)
	LoadAllAssembliesAndSetupDomain (174ms)
		LoadAssemblies (113ms)
		RebuildTransferFunctionScriptingTraits (0ms)
		AnalyzeDomain (172ms)
			TypeCache.Refresh (170ms)
				TypeCache.ScanAssembly (155ms)
			ScanForSourceGeneratedMonoScriptInfo (1ms)
			ResolveRequiredComponents (1ms)
	FinalizeReload (304ms)
		ReleaseScriptCaches (0ms)
		RebuildScriptCaches (0ms)
		SetupLoadedEditorAssemblies (250ms)
			LogAssemblyErrors (0ms)
			InitializePlatformSupportModulesInManaged (13ms)
			SetLoadedEditorAssemblies (6ms)
			RefreshPlugins (0ms)
			BeforeProcessingInitializeOnLoad (2ms)
			ProcessInitializeOnLoadAttributes (174ms)
			ProcessInitializeOnLoadMethodAttributes (55ms)
			AfterProcessingInitializeOnLoad (0ms)
			EditorAssembliesLoaded (0ms)
		ExecutionOrderSort2 (0ms)
		AwakeInstancesAfterBackupRestoration (0ms)
========================================================================
Worker process is ready to serve import requests
Caller must complete domain reload
Begin MonoManager ReloadAssembly
- Loaded All Assemblies, in  0.650 seconds
Native extension for WindowsStandalone target not found
Native extension for WebGL target not found
Package Manager log level set to [2]
[Package Manager] Server::EnsureServerProcessIsRunning -- launch failed, reason: Unity was launched with the -noUpm command-line argument
[Package Manager] UpmClient::Send -- Unable to send message (not connected to UPM process).
[Package Manager] Cannot connect to Unity Package Manager local server
Mono: successfully reloaded assembly
- Finished resetting the current domain, in  0.682 seconds
Domain Reload Profiling: 1328ms
	BeginReloadAssembly (139ms)
		ExecutionOrderSort (0ms)
		DisableScriptedObjects (5ms)
		BackupInstance (0ms)
		ReleaseScriptingObjects (0ms)
		CreateAndSetChildDomain (21ms)
	RebuildCommonClasses (34ms)
	RebuildNativeTypeToScriptingClass (10ms)
	initialDomainReloadingComplete (41ms)
	LoadAllAssembliesAndSetupDomain (421ms)
		LoadAssemblies (338ms)
		RebuildTransferFunctionScriptingTraits (0ms)
		AnalyzeDomain (162ms)
			TypeCache.Refresh (135ms)
				TypeCache.ScanAssembly (121ms)
			ScanForSourceGeneratedMonoScriptInfo (20ms)
			ResolveRequiredComponents (5ms)
	FinalizeReload (683ms)
		ReleaseScriptCaches (0ms)
		RebuildScriptCaches (0ms)
		SetupLoadedEditorAssemblies (522ms)
			LogAssemblyErrors (0ms)
			InitializePlatformSupportModulesInManaged (9ms)
			SetLoadedEditorAssemblies (4ms)
			RefreshPlugins (0ms)
			BeforeProcessingInitializeOnLoad (77ms)
			ProcessInitializeOnLoadAttributes (384ms)
			ProcessInitializeOnLoadMethodAttributes (38ms)
			AfterProcessingInitializeOnLoad (8ms)
			EditorAssembliesLoaded (0ms)
		ExecutionOrderSort2 (0ms)
		AwakeInstancesAfterBackupRestoration (10ms)
Launched and connected shader compiler UnityShaderCompiler.exe after 0.07 seconds
Refreshing native plugins compatible for Editor in 6.89 ms, found 4 plugins.
Preloading 0 native plugins for Editor in 0.00 ms.
Unloading 4027 Unused Serialized files (Serialized files now loaded: 0)
Unloading 32 unused Assets / (57.5 KB). Loaded Objects now: 4497.
Memory consumption went from 140.8 MB to 140.7 MB.
Total: 4.156000 ms (FindLiveObjects: 0.424200 ms CreateObjectMapping: 0.158600 ms MarkObjects: 3.408700 ms  DeleteObjects: 0.163100 ms)

AssetImportParameters requested are different than current active one (requested -> active):
  custom:container-demuxer-ogg: 62fdf1f143b41e24485cea50d1cbac27 -> 
  custom:video-codec-MediaFoundation-h265: 746d11721c4dcdbdad8f713fa42b33f4 -> 
  custom:video-decoder-ogg-theora: a1e56fd34408186e4bbccfd4996cb3dc -> 
  custom:framework-win-MediaFoundation: 216162199b28c13a410421893ffa2e32 -> 
  custom:CustomObjectIndexerAttribute: 9a22284fe3817be447336de3de66b15e -> 
  custom:container-demuxer-webm: 4f35f7cbe854078d1ac9338744f61a02 -> 
  custom:container-muxer-webm: aa71ff27fc2769a1b78a27578f13a17b -> 
  custom:video-decoder-webm-vp8: 9c59270c3fd7afecdb556c50c9e8de78 -> 
  custom:SearchIndexIgnoredProperties: e643bd26f0fe6173181afceb89e7c659 -> 
  custom:AudioImporter_EditorPlatform: d09bf68614088b80899f8185d706f6e7 -> 
  custom:video-encoder-webm-vp8: eb34c28f22e8b96e1ab97ce403110664 -> 
  custom:audio-decoder-ogg-vorbis: bf7c407c2cedff20999df2af8eb42d56 -> 
  custom:scripting/monoscript/fileName/moveplayer.cs: e581eda223ebb8b12e0df05a5c1f70f2 -> 
  custom:scripting/monoscript/fileName/PlayerMovement.cs: 5c1499cfc43e291157e191fb54bb34f9 -> 
  custom:audio-encoder-webm-vorbis: bf7c407c2cedff20999df2af8eb42d56 -> 
========================================================================
Received Prepare
Caller must complete domain reload
Begin MonoManager ReloadAssembly
- Loaded All Assemblies, in  0.936 seconds
Native extension for WindowsStandalone target not found
Native extension for WebGL target not found
[Package Manager] Server::EnsureServerProcessIsRunning -- launch failed, reason: Unity was launched with the -noUpm command-line argument
[Package Manager] UpmClient::Send -- Unable to send message (not connected to UPM process).
[Package Manager] Cannot connect to Unity Package Manager local server
Mono: successfully reloaded assembly
- Finished resetting the current domain, in  0.733 seconds
Domain Reload Profiling: 1666ms
	BeginReloadAssembly (603ms)
		ExecutionOrderSort (0ms)
		DisableScriptedObjects (452ms)
		BackupInstance (0ms)
		ReleaseScriptingObjects (0ms)
		CreateAndSetChildDomain (35ms)
	RebuildCommonClasses (34ms)
	RebuildNativeTypeToScriptingClass (11ms)
	initialDomainReloadingComplete (32ms)
	LoadAllAssembliesAndSetupDomain (252ms)
		LoadAssemblies (318ms)
		RebuildTransferFunctionScriptingTraits (0ms)
		AnalyzeDomain (15ms)
			TypeCache.Refresh (7ms)
				TypeCache.ScanAssembly (0ms)
			ScanForSourceGeneratedMonoScriptInfo (0ms)
			ResolveRequiredComponents (6ms)
	FinalizeReload (734ms)
		ReleaseScriptCaches (0ms)
		RebuildScriptCaches (0ms)
		SetupLoadedEditorAssemblies (535ms)
			LogAssemblyErrors (0ms)
			InitializePlatformSupportModulesInManaged (9ms)
			SetLoadedEditorAssemblies (4ms)
			RefreshPlugins (0ms)
			BeforeProcessingInitializeOnLoad (82ms)
			ProcessInitializeOnLoadAttributes (396ms)
			ProcessInitializeOnLoadMethodAttributes (35ms)
			AfterProcessingInitializeOnLoad (9ms)
			EditorAssembliesLoaded (0ms)
		ExecutionOrderSort2 (0ms)
		AwakeInstancesAfterBackupRestoration (15ms)
Refreshing native plugins compatible for Editor in 7.20 ms, found 4 plugins.
Preloading 0 native plugins for Editor in 0.00 ms.
Unloading 4016 Unused Serialized files (Serialized files now loaded: 0)
Unloading 19 unused Assets / (31.2 KB). Loaded Objects now: 4502.
Memory consumption went from 138.6 MB to 138.6 MB.
Total: 3.780800 ms (FindLiveObjects: 0.411900 ms CreateObjectMapping: 0.106200 ms MarkObjects: 3.198200 ms  DeleteObjects: 0.063000 ms)

Prepare: number of updated asset objects reloaded= 0
AssetImportParameters requested are different than current active one (requested -> active):
  custom:container-demuxer-ogg: 62fdf1f143b41e24485cea50d1cbac27 -> 
  custom:video-codec-MediaFoundation-h265: 746d11721c4dcdbdad8f713fa42b33f4 -> 
  custom:video-decoder-ogg-theora: a1e56fd34408186e4bbccfd4996cb3dc -> 
  custom:framework-win-MediaFoundation: 216162199b28c13a410421893ffa2e32 -> 
  custom:CustomObjectIndexerAttribute: 9a22284fe3817be447336de3de66b15e -> 
  custom:container-demuxer-webm: 4f35f7cbe854078d1ac9338744f61a02 -> 
  custom:container-muxer-webm: aa71ff27fc2769a1b78a27578f13a17b -> 
  custom:video-decoder-webm-vp8: 9c59270c3fd7afecdb556c50c9e8de78 -> 
  custom:SearchIndexIgnoredProperties: e643bd26f0fe6173181afceb89e7c659 -> 
  custom:AudioImporter_EditorPlatform: d09bf68614088b80899f8185d706f6e7 -> 
  custom:video-encoder-webm-vp8: eb34c28f22e8b96e1ab97ce403110664 -> 
  custom:audio-decoder-ogg-vorbis: bf7c407c2cedff20999df2af8eb42d56 -> 
  custom:scripting/monoscript/fileName/moveplayer.cs: e581eda223ebb8b12e0df05a5c1f70f2 -> 
  custom:scripting/monoscript/fileName/PlayerMovement.cs: 5c1499cfc43e291157e191fb54bb34f9 -> 
  custom:audio-encoder-webm-vorbis: bf7c407c2cedff20999df2af8eb42d56 -> 
========================================================================
Received Prepare
Caller must complete domain reload
Begin MonoManager ReloadAssembly
- Loaded All Assemblies, in  0.450 seconds
Native extension for WindowsStandalone target not found
Native extension for WebGL target not found
[Package Manager] Server::EnsureServerProcessIsRunning -- launch failed, reason: Unity was launched with the -noUpm command-line argument
[Package Manager] UpmClient::Send -- Unable to send message (not connected to UPM process).
[Package Manager] Cannot connect to Unity Package Manager local server
Mono: successfully reloaded assembly
- Finished resetting the current domain, in  1.141 seconds
Domain Reload Profiling: 1587ms
	BeginReloadAssembly (151ms)
		ExecutionOrderSort (0ms)
		DisableScriptedObjects (10ms)
		BackupInstance (0ms)
		ReleaseScriptingObjects (0ms)
		CreateAndSetChildDomain (31ms)
	RebuildCommonClasses (32ms)
	RebuildNativeTypeToScriptingClass (11ms)
	initialDomainReloadingComplete (31ms)
	LoadAllAssembliesAndSetupDomain (221ms)
		LoadAssemblies (289ms)
		RebuildTransferFunctionScriptingTraits (0ms)
		AnalyzeDomain (12ms)
			TypeCache.Refresh (5ms)
				TypeCache.ScanAssembly (0ms)
			ScanForSourceGeneratedMonoScriptInfo (0ms)
			ResolveRequiredComponents (5ms)
	FinalizeReload (1142ms)
		ReleaseScriptCaches (0ms)
		RebuildScriptCaches (0ms)
		SetupLoadedEditorAssemblies (511ms)
			LogAssemblyErrors (0ms)
			InitializePlatformSupportModulesInManaged (9ms)
			SetLoadedEditorAssemblies (4ms)
			RefreshPlugins (0ms)
			BeforeProcessingInitializeOnLoad (80ms)
			ProcessInitializeOnLoadAttributes (376ms)
			ProcessInitializeOnLoadMethodAttributes (32ms)
			AfterProcessingInitializeOnLoad (10ms)
			EditorAssembliesLoaded (0ms)
		ExecutionOrderSort2 (0ms)
		AwakeInstancesAfterBackupRestoration (13ms)
Refreshing native plugins compatible for Editor in 6.53 ms, found 4 plugins.
Preloading 0 native plugins for Editor in 0.00 ms.
Unloading 4016 Unused Serialized files (Serialized files now loaded: 0)
Unloading 19 unused Assets / (31.1 KB). Loaded Objects now: 4506.
Memory consumption went from 138.6 MB to 138.6 MB.
Total: 3.723700 ms (FindLiveObjects: 0.466600 ms CreateObjectMapping: 0.108800 ms MarkObjects: 3.028200 ms  DeleteObjects: 0.118700 ms)

Prepare: number of updated asset objects reloaded= 0
AssetImportParameters requested are different than current active one (requested -> active):
  custom:container-demuxer-ogg: 62fdf1f143b41e24485cea50d1cbac27 -> 
  custom:video-codec-MediaFoundation-h265: 746d11721c4dcdbdad8f713fa42b33f4 -> 
  custom:video-decoder-ogg-theora: a1e56fd34408186e4bbccfd4996cb3dc -> 
  custom:framework-win-MediaFoundation: 216162199b28c13a410421893ffa2e32 -> 
  custom:CustomObjectIndexerAttribute: 9a22284fe3817be447336de3de66b15e -> 
  custom:container-demuxer-webm: 4f35f7cbe854078d1ac9338744f61a02 -> 
  custom:container-muxer-webm: aa71ff27fc2769a1b78a27578f13a17b -> 
  custom:video-decoder-webm-vp8: 9c59270c3fd7afecdb556c50c9e8de78 -> 
  custom:SearchIndexIgnoredProperties: e643bd26f0fe6173181afceb89e7c659 -> 
  custom:AudioImporter_EditorPlatform: d09bf68614088b80899f8185d706f6e7 -> 
  custom:video-encoder-webm-vp8: eb34c28f22e8b96e1ab97ce403110664 -> 
  custom:audio-decoder-ogg-vorbis: bf7c407c2cedff20999df2af8eb42d56 -> 
  custom:scripting/monoscript/fileName/moveplayer.cs: e581eda223ebb8b12e0df05a5c1f70f2 -> 
  custom:scripting/monoscript/fileName/PlayerMovement.cs: 5c1499cfc43e291157e191fb54bb34f9 -> 
  custom:audio-encoder-webm-vorbis: bf7c407c2cedff20999df2af8eb42d56 -> 
========================================================================
Received Import Request.
  Time since last request: 48055.433632 seconds.
  path: Assets/palette/Forrest-palette/forest_demo_objects_1.asset
  artifactKey: Guid(dcf8e731de81cd04fa35613a51fe0b88) Importer(815301076,1909f56bfc062723c751e8b465ee728b)
Start importing Assets/palette/Forrest-palette/forest_demo_objects_1.asset using Guid(dcf8e731de81cd04fa35613a51fe0b88) Importer(815301076,1909f56bfc062723c751e8b465ee728b) [PhysX] Initialized MultithreadedTaskDispatcher with 16 workers.
 -> (artifact id: 'c961ba62c12dc5dc34870a0eada725e2') in 0.089638 seconds
Number of updated asset objects reloaded before import = 0
Number of asset objects unloaded after import = 3
========================================================================
Received Import Request.
  Time since last request: 0.000024 seconds.
  path: Assets/palette/Forrest-palette/forest_demo_objects_71.asset
  artifactKey: Guid(9fea7d28520b62346ac52b0c223e728f) Importer(815301076,1909f56bfc062723c751e8b465ee728b)
Start importing Assets/palette/Forrest-palette/forest_demo_objects_71.asset using Guid(9fea7d28520b62346ac52b0c223e728f) Importer(815301076,1909f56bfc062723c751e8b465ee728b) [PhysX] Initialized MultithreadedTaskDispatcher with 16 workers.
 -> (artifact id: 'ec6092c10ba31c8d0f9f09c7be1e703a') in 0.011363 seconds
Number of updated asset objects reloaded before import = 0
Number of asset objects unloaded after import = 3
========================================================================
Received Import Request.
  Time since last request: 0.000021 seconds.
  path: Assets/palette/Forrest-palette/forest_demo_objects_32.asset
  artifactKey: Guid(3cfc1d940bb1bc14eae3ac5980cb3fc2) Importer(815301076,1909f56bfc062723c751e8b465ee728b)
Start importing Assets/palette/Forrest-palette/forest_demo_objects_32.asset using Guid(3cfc1d940bb1bc14eae3ac5980cb3fc2) Importer(815301076,1909f56bfc062723c751e8b465ee728b) [PhysX] Initialized MultithreadedTaskDispatcher with 16 workers.
 -> (artifact id: '793fe696171d3973a585f262e4494e12') in 0.010216 seconds
Number of updated asset objects reloaded before import = 0
Number of asset objects unloaded after import = 3
========================================================================
Received Import Request.
  Time since last request: 0.000021 seconds.
  path: Assets/palette/Forrest-palette/forest_demo_objects_73.asset
  artifactKey: Guid(600ce54be6f18fa45a591b30a141ec9c) Importer(815301076,1909f56bfc062723c751e8b465ee728b)
Start importing Assets/palette/Forrest-palette/forest_demo_objects_73.asset using Guid(600ce54be6f18fa45a591b30a141ec9c) Importer(815301076,1909f56bfc062723c751e8b465ee728b) [PhysX] Initialized MultithreadedTaskDispatcher with 16 workers.
 -> (artifact id: '1be5498bfb8d064e3b50546c4ccecd1f') in 0.011850 seconds
Number of updated asset objects reloaded before import = 0
Number of asset objects unloaded after import = 3
========================================================================
Received Import Request.
  Time since last request: 0.000022 seconds.
  path: Assets/palette/Forrest-palette/forest_demo_objects_21.asset
  artifactKey: Guid(6bb0246a5491cad4e9bf7d59e2f830ea) Importer(815301076,1909f56bfc062723c751e8b465ee728b)
Start importing Assets/palette/Forrest-palette/forest_demo_objects_21.asset using Guid(6bb0246a5491cad4e9bf7d59e2f830ea) Importer(815301076,1909f56bfc062723c751e8b465ee728b) [PhysX] Initialized MultithreadedTaskDispatcher with 16 workers.
 -> (artifact id: '63c95958b8365e1a40709d8ec4349d29') in 0.012117 seconds
Number of updated asset objects reloaded before import = 0
Number of asset objects unloaded after import = 3
========================================================================
Received Import Request.
  Time since last request: 0.000019 seconds.
  path: Assets/palette/Forrest-palette/forest_demo_objects_72.asset
  artifactKey: Guid(aed033382c0cc8e48afb9a758da547df) Importer(815301076,1909f56bfc062723c751e8b465ee728b)
Start importing Assets/palette/Forrest-palette/forest_demo_objects_72.asset using Guid(aed033382c0cc8e48afb9a758da547df) Importer(815301076,1909f56bfc062723c751e8b465ee728b) [PhysX] Initialized MultithreadedTaskDispatcher with 16 workers.
 -> (artifact id: 'e9d1dc80dfda0e57117abc8aa9221f69') in 0.011605 seconds
Number of updated asset objects reloaded before import = 0
Number of asset objects unloaded after import = 3
========================================================================
Received Import Request.
  Time since last request: 0.000021 seconds.
  path: Assets/palette/Forrest-palette/forest_demo_objects_31.asset
  artifactKey: Guid(5caddbbe920b61f4bb1d5bdc66bbb662) Importer(815301076,1909f56bfc062723c751e8b465ee728b)
Start importing Assets/palette/Forrest-palette/forest_demo_objects_31.asset using Guid(5caddbbe920b61f4bb1d5bdc66bbb662) Importer(815301076,1909f56bfc062723c751e8b465ee728b) [PhysX] Initialized MultithreadedTaskDispatcher with 16 workers.
 -> (artifact id: '69eaafd3b1432d881e10b7cfed52b38c') in 0.011943 seconds
Number of updated asset objects reloaded before import = 0
Number of asset objects unloaded after import = 3
========================================================================
Received Import Request.
  Time since last request: 0.000029 seconds.
  path: Assets/palette/Forrest-palette/forest_demo_objects_29.asset
  artifactKey: Guid(231fcf7d26afe664697017b7d8d64800) Importer(815301076,1909f56bfc062723c751e8b465ee728b)
Start importing Assets/palette/Forrest-palette/forest_demo_objects_29.asset using Guid(231fcf7d26afe664697017b7d8d64800) Importer(815301076,1909f56bfc062723c751e8b465ee728b) [PhysX] Initialized MultithreadedTaskDispatcher with 16 workers.
 -> (artifact id: '2b62acfd35c02dda83982b5422acb6ee') in 0.010860 seconds
Number of updated asset objects reloaded before import = 0
Number of asset objects unloaded after import = 3
========================================================================
Received Import Request.
  Time since last request: 0.000017 seconds.
  path: Assets/palette/Forrest-palette/forest_demo_objects_46.asset
  artifactKey: Guid(292e37de821de7942bb76a63cd5aadec) Importer(815301076,1909f56bfc062723c751e8b465ee728b)
Start importing Assets/palette/Forrest-palette/forest_demo_objects_46.asset using Guid(292e37de821de7942bb76a63cd5aadec) Importer(815301076,1909f56bfc062723c751e8b465ee728b) [PhysX] Initialized MultithreadedTaskDispatcher with 16 workers.
 -> (artifact id: '12c27c4094c8394544c3f59aae5be21d') in 0.010852 seconds
Number of updated asset objects reloaded before import = 0
Number of asset objects unloaded after import = 3
========================================================================
Received Import Request.
  Time since last request: 0.000017 seconds.
  path: Assets/palette/Forrest-palette/forest_demo_objects_25.asset
  artifactKey: Guid(cadcb66335dc0af4484dbe16ed770613) Importer(815301076,1909f56bfc062723c751e8b465ee728b)
Start importing Assets/palette/Forrest-palette/forest_demo_objects_25.asset using Guid(cadcb66335dc0af4484dbe16ed770613) Importer(815301076,1909f56bfc062723c751e8b465ee728b) [PhysX] Initialized MultithreadedTaskDispatcher with 16 workers.
 -> (artifact id: '035d6f35805c4d160c9aef220f6e5ced') in 0.011282 seconds
Number of updated asset objects reloaded before import = 0
Number of asset objects unloaded after import = 3
========================================================================
Received Import Request.
  Time since last request: 0.000019 seconds.
  path: Assets/palette/Forrest-palette/forest_demo_objects_7.asset
  artifactKey: Guid(ad7a3f04165bb774494a1902a9320f74) Importer(815301076,1909f56bfc062723c751e8b465ee728b)
Start importing Assets/palette/Forrest-palette/forest_demo_objects_7.asset using Guid(ad7a3f04165bb774494a1902a9320f74) Importer(815301076,1909f56bfc062723c751e8b465ee728b) [PhysX] Initialized MultithreadedTaskDispatcher with 16 workers.
 -> (artifact id: '236bd03ae5cbe97ba1b45ac2ded2f868') in 0.011753 seconds
Number of updated asset objects reloaded before import = 0
Number of asset objects unloaded after import = 3
========================================================================
Received Import Request.
  Time since last request: 0.000017 seconds.
  path: Assets/palette/Forrest-palette/forest_demo_objects_51.asset
  artifactKey: Guid(02203cb1daa6c0a4581d71289e5a79a1) Importer(815301076,1909f56bfc062723c751e8b465ee728b)
Start importing Assets/palette/Forrest-palette/forest_demo_objects_51.asset using Guid(02203cb1daa6c0a4581d71289e5a79a1) Importer(815301076,1909f56bfc062723c751e8b465ee728b) [PhysX] Initialized MultithreadedTaskDispatcher with 16 workers.
 -> (artifact id: '5736eedad20d289610893b20177f4990') in 0.009282 seconds
Number of updated asset objects reloaded before import = 0
Number of asset objects unloaded after import = 3
========================================================================
Received Import Request.
  Time since last request: 0.000029 seconds.
  path: Assets/palette/Forrest-palette/forest_demo_objects_12.asset
  artifactKey: Guid(47b94646b62c13f44b1afc9af2ab8d25) Importer(815301076,1909f56bfc062723c751e8b465ee728b)
Start importing Assets/palette/Forrest-palette/forest_demo_objects_12.asset using Guid(47b94646b62c13f44b1afc9af2ab8d25) Importer(815301076,1909f56bfc062723c751e8b465ee728b) [PhysX] Initialized MultithreadedTaskDispatcher with 16 workers.
 -> (artifact id: 'c6f98bb07857340073e66f8a0b5adde2') in 0.012781 seconds
Number of updated asset objects reloaded before import = 0
Number of asset objects unloaded after import = 3
========================================================================
Received Import Request.
  Time since last request: 0.000027 seconds.
  path: Assets/palette/Forrest-palette/forest_demo_objects_15.asset
  artifactKey: Guid(916015a742573974ca50ff57eae310c7) Importer(815301076,1909f56bfc062723c751e8b465ee728b)
Start importing Assets/palette/Forrest-palette/forest_demo_objects_15.asset using Guid(916015a742573974ca50ff57eae310c7) Importer(815301076,1909f56bfc062723c751e8b465ee728b) [PhysX] Initialized MultithreadedTaskDispatcher with 16 workers.
 -> (artifact id: 'e323cc03fde38f6f8b1bb25fabcbbd7e') in 0.011529 seconds
Number of updated asset objects reloaded before import = 0
Number of asset objects unloaded after import = 3
========================================================================
Received Import Request.
  Time since last request: 0.000025 seconds.
  path: Assets/palette/Forrest-palette/forest_demo_objects_41.asset
  artifactKey: Guid(e1ca57888af72b945a25dcf35adbf756) Importer(815301076,1909f56bfc062723c751e8b465ee728b)
Start importing Assets/palette/Forrest-palette/forest_demo_objects_41.asset using Guid(e1ca57888af72b945a25dcf35adbf756) Importer(815301076,1909f56bfc062723c751e8b465ee728b) [PhysX] Initialized MultithreadedTaskDispatcher with 16 workers.
 -> (artifact id: '76db29b1e3cc9b37a8c3885987f74bf2') in 0.011523 seconds
Number of updated asset objects reloaded before import = 0
Number of asset objects unloaded after import = 3
========================================================================
Received Import Request.
  Time since last request: 0.000022 seconds.
  path: Assets/palette/Forrest-palette/forest_demo_objects_16.asset
  artifactKey: Guid(55f929c1b03eb6f478f412fb92f42797) Importer(815301076,1909f56bfc062723c751e8b465ee728b)
Start importing Assets/palette/Forrest-palette/forest_demo_objects_16.asset using Guid(55f929c1b03eb6f478f412fb92f42797) Importer(815301076,1909f56bfc062723c751e8b465ee728b) [PhysX] Initialized MultithreadedTaskDispatcher with 16 workers.
 -> (artifact id: '9a6b974847a070794f885d910b93cadb') in 0.012185 seconds
Number of updated asset objects reloaded before import = 0
Number of asset objects unloaded after import = 3
========================================================================
Received Import Request.
  Time since last request: 0.000023 seconds.
  path: Assets/palette/Forrest-palette/forest_demo_objects_50.asset
  artifactKey: Guid(f98424c5e7c1cdf439557f3719d6bddb) Importer(815301076,1909f56bfc062723c751e8b465ee728b)
Start importing Assets/palette/Forrest-palette/forest_demo_objects_50.asset using Guid(f98424c5e7c1cdf439557f3719d6bddb) Importer(815301076,1909f56bfc062723c751e8b465ee728b) [PhysX] Initialized MultithreadedTaskDispatcher with 16 workers.
 -> (artifact id: '8a4da9824c68c936d6706ba9f6da9810') in 0.011393 seconds
Number of updated asset objects reloaded before import = 0
Number of asset objects unloaded after import = 3
========================================================================
Received Import Request.
  Time since last request: 0.000021 seconds.
  path: Assets/palette/Forrest-palette/forest_demo_objects_40.asset
  artifactKey: Guid(76c170f0c4f3b4a4e8a0511bca15db36) Importer(815301076,1909f56bfc062723c751e8b465ee728b)
Start importing Assets/palette/Forrest-palette/forest_demo_objects_40.asset using Guid(76c170f0c4f3b4a4e8a0511bca15db36) Importer(815301076,1909f56bfc062723c751e8b465ee728b) [PhysX] Initialized MultithreadedTaskDispatcher with 16 workers.
 -> (artifact id: 'a47b1f3c31b4cc7336fe1042971a72a8') in 0.010982 seconds
Number of updated asset objects reloaded before import = 0
Number of asset objects unloaded after import = 3
========================================================================
Received Import Request.
  Time since last request: 0.000018 seconds.
  path: Assets/palette/Forrest-palette/forest_demo_objects_60.asset
  artifactKey: Guid(14fab1e3e4ac7314aa7dd9a6cf13dbb5) Importer(815301076,1909f56bfc062723c751e8b465ee728b)
Start importing Assets/palette/Forrest-palette/forest_demo_objects_60.asset using Guid(14fab1e3e4ac7314aa7dd9a6cf13dbb5) Importer(815301076,1909f56bfc062723c751e8b465ee728b) [PhysX] Initialized MultithreadedTaskDispatcher with 16 workers.
 -> (artifact id: 'cf05c2e993a97187c8118a4c03bd21b2') in 0.012004 seconds
Number of updated asset objects reloaded before import = 0
Number of asset objects unloaded after import = 3
========================================================================
Received Import Request.
  Time since last request: 0.000023 seconds.
  path: Assets/palette/Forrest-palette/forest_demo_objects_33.asset
  artifactKey: Guid(53a9e705b4eaa1a4c97537b9121d1bcd) Importer(815301076,1909f56bfc062723c751e8b465ee728b)
Start importing Assets/palette/Forrest-palette/forest_demo_objects_33.asset using Guid(53a9e705b4eaa1a4c97537b9121d1bcd) Importer(815301076,1909f56bfc062723c751e8b465ee728b) [PhysX] Initialized MultithreadedTaskDispatcher with 16 workers.
 -> (artifact id: 'f84c83a342e28b2592014d4d177452f4') in 0.012613 seconds
Number of updated asset objects reloaded before import = 0
Number of asset objects unloaded after import = 3
========================================================================
Received Import Request.
  Time since last request: 0.000018 seconds.
  path: Assets/palette/Forrest-palette/forest_demo_objects_22.asset
  artifactKey: Guid(61337c31cbacbad42ad702a01fe7c204) Importer(815301076,1909f56bfc062723c751e8b465ee728b)
Start importing Assets/palette/Forrest-palette/forest_demo_objects_22.asset using Guid(61337c31cbacbad42ad702a01fe7c204) Importer(815301076,1909f56bfc062723c751e8b465ee728b) [PhysX] Initialized MultithreadedTaskDispatcher with 16 workers.
 -> (artifact id: '2f81df662c9aaf88ab1859db46598473') in 0.011702 seconds
Number of updated asset objects reloaded before import = 0
Number of asset objects unloaded after import = 3
========================================================================
Received Import Request.
  Time since last request: 0.000021 seconds.
  path: Assets/palette/Forrest-palette/forest_demo_objects_74.asset
  artifactKey: Guid(9c996eb21cb183348870a32715f36419) Importer(815301076,1909f56bfc062723c751e8b465ee728b)
Start importing Assets/palette/Forrest-palette/forest_demo_objects_74.asset using Guid(9c996eb21cb183348870a32715f36419) Importer(815301076,1909f56bfc062723c751e8b465ee728b) [PhysX] Initialized MultithreadedTaskDispatcher with 16 workers.
 -> (artifact id: 'a42ab5dab4d47222f2af880549dfeed6') in 0.011918 seconds
Number of updated asset objects reloaded before import = 0
Number of asset objects unloaded after import = 3
========================================================================
Received Import Request.
  Time since last request: 0.000021 seconds.
  path: Assets/palette/Forrest-palette/forest_demo_objects_55.asset
  artifactKey: Guid(af5879509faedca41be8d40a68f93516) Importer(815301076,1909f56bfc062723c751e8b465ee728b)
Start importing Assets/palette/Forrest-palette/forest_demo_objects_55.asset using Guid(af5879509faedca41be8d40a68f93516) Importer(815301076,1909f56bfc062723c751e8b465ee728b) [PhysX] Initialized MultithreadedTaskDispatcher with 16 workers.
 -> (artifact id: 'a2bd1bb40f1fa17ef097ab88fddfb2f6') in 0.011076 seconds
Number of updated asset objects reloaded before import = 0
Number of asset objects unloaded after import = 3
========================================================================
Received Import Request.
  Time since last request: 0.000020 seconds.
  path: Assets/palette/Forrest-palette/forest_demo_objects_45.asset
  artifactKey: Guid(df738af2843826d4d8d97a3d5d17fd44) Importer(815301076,1909f56bfc062723c751e8b465ee728b)
Start importing Assets/palette/Forrest-palette/forest_demo_objects_45.asset using Guid(df738af2843826d4d8d97a3d5d17fd44) Importer(815301076,1909f56bfc062723c751e8b465ee728b) [PhysX] Initialized MultithreadedTaskDispatcher with 16 workers.
 -> (artifact id: '8c0dcd51c3f1b43680100151b92ac479') in 0.011388 seconds
Number of updated asset objects reloaded before import = 0
Number of asset objects unloaded after import = 3
========================================================================
Received Import Request.
  Time since last request: 0.000021 seconds.
  path: Assets/palette/Forrest-palette/forest_demo_objects_35.asset
  artifactKey: Guid(e7e6f8e98e8648b499f1780a7785fd32) Importer(815301076,1909f56bfc062723c751e8b465ee728b)
Start importing Assets/palette/Forrest-palette/forest_demo_objects_35.asset using Guid(e7e6f8e98e8648b499f1780a7785fd32) Importer(815301076,1909f56bfc062723c751e8b465ee728b) [PhysX] Initialized MultithreadedTaskDispatcher with 16 workers.
 -> (artifact id: 'a169815ef0412f6c9b2fd67e5a43c1fb') in 0.012000 seconds
Number of updated asset objects reloaded before import = 0
Number of asset objects unloaded after import = 3
========================================================================
Received Import Request.
  Time since last request: 0.000030 seconds.
  path: Assets/palette/Forrest-palette/forest_demo_objects_14.asset
  artifactKey: Guid(1e3d8368b2fa18b40a2fdfb2e4d465d7) Importer(815301076,1909f56bfc062723c751e8b465ee728b)
Start importing Assets/palette/Forrest-palette/forest_demo_objects_14.asset using Guid(1e3d8368b2fa18b40a2fdfb2e4d465d7) Importer(815301076,1909f56bfc062723c751e8b465ee728b) [PhysX] Initialized MultithreadedTaskDispatcher with 16 workers.
 -> (artifact id: '007f4d9389388f769fe58818d6f5da17') in 0.011520 seconds
Number of updated asset objects reloaded before import = 0
Number of asset objects unloaded after import = 3
========================================================================
Received Import Request.
  Time since last request: 0.000036 seconds.
  path: Assets/palette/Forrest-palette/forest_demo_objects_57.asset
  artifactKey: Guid(89ec4cb99ce494247b434ea5689d2541) Importer(815301076,1909f56bfc062723c751e8b465ee728b)
Start importing Assets/palette/Forrest-palette/forest_demo_objects_57.asset using Guid(89ec4cb99ce494247b434ea5689d2541) Importer(815301076,1909f56bfc062723c751e8b465ee728b) [PhysX] Initialized MultithreadedTaskDispatcher with 16 workers.
 -> (artifact id: '33ea9afbb5092729b3e209e1ecf7e8d1') in 0.012359 seconds
Number of updated asset objects reloaded before import = 0
Number of asset objects unloaded after import = 3
========================================================================
Received Import Request.
  Time since last request: 0.000020 seconds.
  path: Assets/palette/Forrest-palette/forest_demo_objects_5.asset
  artifactKey: Guid(4e94362c077aaf245a7d61bb47cae82a) Importer(815301076,1909f56bfc062723c751e8b465ee728b)
Start importing Assets/palette/Forrest-palette/forest_demo_objects_5.asset using Guid(4e94362c077aaf245a7d61bb47cae82a) Importer(815301076,1909f56bfc062723c751e8b465ee728b) [PhysX] Initialized MultithreadedTaskDispatcher with 16 workers.
 -> (artifact id: 'bee067316f37d8aede43f534b2a52934') in 0.011228 seconds
Number of updated asset objects reloaded before import = 0
Number of asset objects unloaded after import = 3
========================================================================
Received Import Request.
  Time since last request: 0.000028 seconds.
  path: Assets/palette/Forrest-palette/forest_demo_objects_65.asset
  artifactKey: Guid(a1cb29606af79a94c8ed0f5adba9d1c7) Importer(815301076,1909f56bfc062723c751e8b465ee728b)
Start importing Assets/palette/Forrest-palette/forest_demo_objects_65.asset using Guid(a1cb29606af79a94c8ed0f5adba9d1c7) Importer(815301076,1909f56bfc062723c751e8b465ee728b) [PhysX] Initialized MultithreadedTaskDispatcher with 16 workers.
 -> (artifact id: '06849b45d17db7413b11898848226990') in 0.016049 seconds
Number of updated asset objects reloaded before import = 0
Number of asset objects unloaded after import = 3
========================================================================
Received Import Request.
  Time since last request: 0.000025 seconds.
  path: Assets/palette/Forrest-palette/forest_demo_objects_11.asset
  artifactKey: Guid(6cd25f76e92f3fc4da48beb8ff4e591b) Importer(815301076,1909f56bfc062723c751e8b465ee728b)
Start importing Assets/palette/Forrest-palette/forest_demo_objects_11.asset using Guid(6cd25f76e92f3fc4da48beb8ff4e591b) Importer(815301076,1909f56bfc062723c751e8b465ee728b) [PhysX] Initialized MultithreadedTaskDispatcher with 16 workers.
 -> (artifact id: '105e2e99c852a02c66542877dffb7c5c') in 0.013899 seconds
Number of updated asset objects reloaded before import = 0
Number of asset objects unloaded after import = 3
========================================================================
Received Import Request.
  Time since last request: 0.000019 seconds.
  path: Assets/palette/Forrest-palette/forest_demo_objects_70.asset
  artifactKey: Guid(3accc9cf26896fc4fa44ea96971dbb79) Importer(815301076,1909f56bfc062723c751e8b465ee728b)
Start importing Assets/palette/Forrest-palette/forest_demo_objects_70.asset using Guid(3accc9cf26896fc4fa44ea96971dbb79) Importer(815301076,1909f56bfc062723c751e8b465ee728b) [PhysX] Initialized MultithreadedTaskDispatcher with 16 workers.
 -> (artifact id: '08c781d03a55b7c3879bf68c8c1ca82f') in 0.013678 seconds
Number of updated asset objects reloaded before import = 0
Number of asset objects unloaded after import = 3
========================================================================
Received Import Request.
  Time since last request: 0.000021 seconds.
  path: Assets/palette/Forrest-palette/forest_demo_objects_76.asset
  artifactKey: Guid(740211e3346bcc94aaed611c0e4096de) Importer(815301076,1909f56bfc062723c751e8b465ee728b)
Start importing Assets/palette/Forrest-palette/forest_demo_objects_76.asset using Guid(740211e3346bcc94aaed611c0e4096de) Importer(815301076,1909f56bfc062723c751e8b465ee728b) [PhysX] Initialized MultithreadedTaskDispatcher with 16 workers.
 -> (artifact id: 'c92b13277db3fe314c2772f5a083d7c1') in 0.010695 seconds
Number of updated asset objects reloaded before import = 0
Number of asset objects unloaded after import = 3
========================================================================
Received Import Request.
  Time since last request: 0.000024 seconds.
  path: Assets/palette/Forrest-palette/forest_demo_objects_42.asset
  artifactKey: Guid(8aee8974998db1447b62d4f2e575f3e0) Importer(815301076,1909f56bfc062723c751e8b465ee728b)
Start importing Assets/palette/Forrest-palette/forest_demo_objects_42.asset using Guid(8aee8974998db1447b62d4f2e575f3e0) Importer(815301076,1909f56bfc062723c751e8b465ee728b) [PhysX] Initialized MultithreadedTaskDispatcher with 16 workers.
 -> (artifact id: 'e8eb41f5f9510728afb729b12d04b0ac') in 0.012649 seconds
Number of updated asset objects reloaded before import = 0
Number of asset objects unloaded after import = 3
========================================================================
Received Import Request.
  Time since last request: 0.000027 seconds.
  path: Assets/palette/Forrest-palette/forest_demo_objects_20.asset
  artifactKey: Guid(dedc52a70ec20a444af472bf07ee011c) Importer(815301076,1909f56bfc062723c751e8b465ee728b)
Start importing Assets/palette/Forrest-palette/forest_demo_objects_20.asset using Guid(dedc52a70ec20a444af472bf07ee011c) Importer(815301076,1909f56bfc062723c751e8b465ee728b) [PhysX] Initialized MultithreadedTaskDispatcher with 16 workers.
 -> (artifact id: '462272aeb025f1123a7c20133ac4c9ee') in 0.011753 seconds
Number of updated asset objects reloaded before import = 0
Number of asset objects unloaded after import = 3
========================================================================
Received Import Request.
  Time since last request: 0.000025 seconds.
  path: Assets/palette/Forrest-palette/forest_demo_objects_37.asset
  artifactKey: Guid(1cfc564d1e435c84eb7eb292b9004587) Importer(815301076,1909f56bfc062723c751e8b465ee728b)
Start importing Assets/palette/Forrest-palette/forest_demo_objects_37.asset using Guid(1cfc564d1e435c84eb7eb292b9004587) Importer(815301076,1909f56bfc062723c751e8b465ee728b) [PhysX] Initialized MultithreadedTaskDispatcher with 16 workers.
 -> (artifact id: '5a17aa0123d5ad4012e2a0e3a7d3c002') in 0.012102 seconds
Number of updated asset objects reloaded before import = 0
Number of asset objects unloaded after import = 3
========================================================================
Received Import Request.
  Time since last request: 0.000022 seconds.
  path: Assets/palette/Forrest-palette/forest_demo_objects_10.asset
  artifactKey: Guid(610dc8e156237c84398ab0380d3d1205) Importer(815301076,1909f56bfc062723c751e8b465ee728b)
Start importing Assets/palette/Forrest-palette/forest_demo_objects_10.asset using Guid(610dc8e156237c84398ab0380d3d1205) Importer(815301076,1909f56bfc062723c751e8b465ee728b) [PhysX] Initialized MultithreadedTaskDispatcher with 16 workers.
 -> (artifact id: 'f4723fd861cb4df7140da6192a36b10c') in 0.011396 seconds
Number of updated asset objects reloaded before import = 0
Number of asset objects unloaded after import = 3
========================================================================
Received Import Request.
  Time since last request: 0.000017 seconds.
  path: Assets/palette/Forrest-palette/forest_demo_objects_58.asset
  artifactKey: Guid(604f63361bdb8b143861f3ad106ba49f) Importer(815301076,1909f56bfc062723c751e8b465ee728b)
Start importing Assets/palette/Forrest-palette/forest_demo_objects_58.asset using Guid(604f63361bdb8b143861f3ad106ba49f) Importer(815301076,1909f56bfc062723c751e8b465ee728b) [PhysX] Initialized MultithreadedTaskDispatcher with 16 workers.
 -> (artifact id: '21521c39cbff9e27ab417c3d43d13b6f') in 0.011895 seconds
Number of updated asset objects reloaded before import = 0
Number of asset objects unloaded after import = 3
========================================================================
Received Import Request.
  Time since last request: 0.697845 seconds.
  path: Assets/palette/Forrest-palette/viney-trees_0.asset
  artifactKey: Guid(8edbd7272d6ec1c4289f71875e064131) Importer(815301076,1909f56bfc062723c751e8b465ee728b)
Start importing Assets/palette/Forrest-palette/viney-trees_0.asset using Guid(8edbd7272d6ec1c4289f71875e064131) Importer(815301076,1909f56bfc062723c751e8b465ee728b) [PhysX] Initialized MultithreadedTaskDispatcher with 16 workers.
 -> (artifact id: '3fcff79e8a5e39746162ddc938e7c98d') in 0.013935 seconds
Number of updated asset objects reloaded before import = 0
Number of asset objects unloaded after import = 3
========================================================================
Received Import Request.
  Time since last request: 0.002653 seconds.
  path: Assets/palette/Forrest-palette/viney-trees_2.asset
  artifactKey: Guid(cf7b36d69a7024f44b41d0e3e673a8b6) Importer(815301076,1909f56bfc062723c751e8b465ee728b)
Start importing Assets/palette/Forrest-palette/viney-trees_2.asset using Guid(cf7b36d69a7024f44b41d0e3e673a8b6) Importer(815301076,1909f56bfc062723c751e8b465ee728b) [PhysX] Initialized MultithreadedTaskDispatcher with 16 workers.
 -> (artifact id: 'e9d1f41d5e57fa5ceeb0dd9bfdb0dff8') in 0.012932 seconds
Number of updated asset objects reloaded before import = 0
Number of asset objects unloaded after import = 3
========================================================================
Received Import Request.
  Time since last request: 0.000021 seconds.
  path: Assets/palette/Forrest-palette/viney-trees_4.asset
  artifactKey: Guid(54931f8c9983bd44fb16afb2210a8f66) Importer(815301076,1909f56bfc062723c751e8b465ee728b)
Start importing Assets/palette/Forrest-palette/viney-trees_4.asset using Guid(54931f8c9983bd44fb16afb2210a8f66) Importer(815301076,1909f56bfc062723c751e8b465ee728b) [PhysX] Initialized MultithreadedTaskDispatcher with 16 workers.
 -> (artifact id: '243e8321fea1e98ed5c064d90b0c2177') in 0.010714 seconds
Number of updated asset objects reloaded before import = 0
Number of asset objects unloaded after import = 3
========================================================================
Received Import Request.
  Time since last request: 0.000021 seconds.
  path: Assets/palette/Forrest-palette/viney-trees_5.asset
  artifactKey: Guid(87541b22a4db1a347bf0be1494a5d4b9) Importer(815301076,1909f56bfc062723c751e8b465ee728b)
Start importing Assets/palette/Forrest-palette/viney-trees_5.asset using Guid(87541b22a4db1a347bf0be1494a5d4b9) Importer(815301076,1909f56bfc062723c751e8b465ee728b) [PhysX] Initialized MultithreadedTaskDispatcher with 16 workers.
 -> (artifact id: '2c6ca40fcde864600e943b84bdabbf20') in 0.011303 seconds
Number of updated asset objects reloaded before import = 0
Number of asset objects unloaded after import = 3
========================================================================
Received Import Request.
  Time since last request: 0.000018 seconds.
  path: Assets/palette/Forrest-palette/viney-trees_8.asset
  artifactKey: Guid(ddb487fbc05c26b41bd2cfce489dc8a2) Importer(815301076,1909f56bfc062723c751e8b465ee728b)
Start importing Assets/palette/Forrest-palette/viney-trees_8.asset using Guid(ddb487fbc05c26b41bd2cfce489dc8a2) Importer(815301076,1909f56bfc062723c751e8b465ee728b) [PhysX] Initialized MultithreadedTaskDispatcher with 16 workers.
 -> (artifact id: '7427505c75ff628055c8ec64cbe44e9c') in 0.012237 seconds
Number of updated asset objects reloaded before import = 0
Number of asset objects unloaded after import = 3
========================================================================
Received Import Request.
  Time since last request: 0.000019 seconds.
  path: Assets/palette/Forrest-palette/viney-trees_7.asset
  artifactKey: Guid(8a4288f844fc1554ea9a62850be64601) Importer(815301076,1909f56bfc062723c751e8b465ee728b)
Start importing Assets/palette/Forrest-palette/viney-trees_7.asset using Guid(8a4288f844fc1554ea9a62850be64601) Importer(815301076,1909f56bfc062723c751e8b465ee728b) [PhysX] Initialized MultithreadedTaskDispatcher with 16 workers.
 -> (artifact id: 'fe212b587d48f5c6c9adbd0288c549f1') in 0.010385 seconds
Number of updated asset objects reloaded before import = 0
Number of asset objects unloaded after import = 3
Editor requested this worker to shutdown with reason: Scaling down because of idle timeout
TcpMessagingSession - receive error: operation aborted. errorcode: 995, details: L’opération d’entrée/sortie a été abandonnée en raison de l’arrêt d’un thread ou à la demande d’une application.
AssetImportWorker is now disconnected from the server
Process exiting
Exiting without the bug reporter. Application will terminate with return code 0